============================= test session starts ==============================
platform darwin -- Python 3.13.5, pytest-9.0.2, pluggy-1.6.0 -- /Users/ben/dune-monorepo/.venv/bin/python
cachedir: .pytest_cache
rootdir: /Users/ben/dune-monorepo
configfile: pyproject.toml
collecting ... collected 586 items

tests/dune_tension/test_audio_capture_trim.py::test_discard_leading_audio_drops_first_50ms PASSED [  0%]
tests/dune_tension/test_audio_capture_trim.py::test_acquire_audio_discards_first_50ms_after_snr_capture PASSED [  0%]
tests/dune_tension/test_audio_capture_trim.py::test_record_audio_filtered_discards_first_50ms PASSED [  0%]
tests/dune_tension/test_audio_spoof.py::test_spoof_audio_sample PASSED   [  0%]
tests/dune_tension/test_audio_spoof.py::test_spoof_audio_sample_fallback PASSED [  0%]
tests/dune_tension/test_crepe_analysis.py::test_activations_to_pitch_time_weighting PASSED [  1%]
tests/dune_tension/test_crepe_analysis.py::test_activations_to_pitch_last_duration PASSED [  1%]
tests/dune_tension/test_crepe_analysis.py::test_activations_to_pitch_expected_frequency_mask PASSED [  1%]
tests/dune_tension/test_crepe_analysis.py::test_estimate_pitch_from_audio PASSED [  1%]
tests/dune_tension/test_data_cache.py::test_append_row_migrates_legacy_db_schema PASSED [  1%]
tests/dune_tension/test_data_cache.py::test_clear_wire_numbers_removes_selected_rows_from_both_tables PASSED [  1%]
tests/dune_tension/test_data_cache.py::test_find_distribution_outliers_uses_bulk_tension_distribution PASSED [  2%]
tests/dune_tension/test_data_cache.py::test_find_outliers_uses_nearest_calculable_average_for_end_wires PASSED [  2%]
tests/dune_tension/test_dummy_servo.py::test_dummy_servo PASSED          [  2%]
tests/dune_tension/test_gui_actions.py::test_measurement_threads_are_serialized PASSED [  2%]
tests/dune_tension/test_gui_actions.py::test_create_tensiometer_uses_context_runtime_bundle FAILED [  2%]
tests/dune_tension/test_gui_actions.py::test_measure_calibrate_dispatches_to_streaming_controller PASSED [  2%]
tests/dune_tension/test_gui_actions.py::test_erase_distribution_outliers_uses_bulk_detector PASSED [  3%]
tests/dune_tension/test_gui_actions.py::test_calibrate_background_noise_accepts_float_like_samplerate PASSED [  3%]
tests/dune_tension/test_gui_actions.py::test_clear_range_accepts_tension_expression PASSED [  3%]
tests/dune_tension/test_gui_actions.py::test_measure_list_button_skips_already_measured_wires_when_enabled PASSED [  3%]
tests/dune_tension/test_gui_actions.py::test_measure_list_button_keeps_requested_wires_when_skip_disabled PASSED [  3%]
tests/dune_tension/test_gui_actions.py::test_measure_list_button_keeps_requested_wires_when_skip_filters_everything PASSED [  3%]
tests/dune_tension/test_gui_actions.py::test_measure_list_button_preserves_descending_range_order PASSED [  4%]
tests/dune_tension/test_gui_actions.py::test_adjust_focus_with_x_compensation_side_a PASSED [  4%]
tests/dune_tension/test_gui_actions.py::test_adjust_focus_with_x_compensation_side_b PASSED [  4%]
tests/dune_tension/test_gui_app.py::test_configure_root_minimum_size_reserves_space_for_both_columns PASSED [  4%]
tests/dune_tension/test_gui_app.py::test_configure_root_minimum_size_clamps_to_screen PASSED [  4%]
tests/dune_tension/test_gui_logging_panel.py::test_configure_gui_logging_routes_messages_and_restores_logger_state PASSED [  4%]
tests/dune_tension/test_gui_logging_panel.py::test_tk_text_log_handler_trims_old_lines PASSED [  5%]
tests/dune_tension/test_gui_state.py::test_save_state_accepts_float_like_focus_slider FAILED [  5%]
tests/dune_tension/test_gui_state.py::test_load_state_falls_back_for_invalid_focus_target FAILED [  5%]
tests/dune_tension/test_live_plots.py::test_build_audio_diagnostics_figure_includes_fft_and_pesto_axes PASSED [  5%]
tests/dune_tension/test_live_plots.py::test_pesto_axis_uses_twice_expected_frequency PASSED [  5%]
tests/dune_tension/test_live_plots.py::test_audio_diagnostics_figure_uses_live_panel_size PASSED [  5%]
tests/dune_tension/test_maestro_ports.py::test_controller_falls_back_across_ttyacm_ports PASSED [  6%]
tests/dune_tension/test_main_dependencies.py::test_main_delegates_to_gui_entrypoint PASSED [  6%]
tests/dune_tension/test_motion_position_sources.py::test_motion_service_prefers_backlash_aware_cached_xy PASSED [  6%]
tests/dune_tension/test_motion_position_sources.py::test_motion_service_uses_generic_plc_availability_when_present PASSED [  6%]
tests/dune_tension/test_motion_position_sources.py::test_motion_service_falls_back_to_spoof_when_plc_unavailable PASSED [  6%]
tests/dune_tension/test_motion_position_sources.py::test_motion_service_spoof_flag_overrides_live_plc PASSED [  6%]
tests/dune_tension/test_motion_position_sources.py::test_gui_context_uses_runtime_bundle_motion PASSED [  7%]
tests/dune_tension/test_noise_subtraction.py::test_stationary_noise_subtraction_removes_noise PASSED [  7%]
tests/dune_tension/test_pesto_analysis.py::test_estimate_pitch_from_audio_uses_expected_frequency_mask PASSED [  7%]
tests/dune_tension/test_pesto_analysis.py::test_estimate_pitch_from_audio_returns_nan_without_pesto PASSED [  7%]
tests/dune_tension/test_pesto_analysis.py::test_analyze_audio_with_pesto_returns_activation_map PASSED [  7%]
tests/dune_tension/test_pesto_analysis.py::test_analyze_audio_with_pesto_reverses_sr_augmentation PASSED [  8%]
tests/dune_tension/test_pesto_analysis.py::test_analyze_audio_with_pesto_pads_short_audio_and_trims_outputs PASSED [  8%]
tests/dune_tension/test_plc_direct.py::test_read_tag_value_normalizes_pycomm3_result PASSED [  8%]
tests/dune_tension/test_plc_direct.py::test_write_tag_value_raises_on_result_error PASSED [  8%]
tests/dune_tension/test_plc_direct.py::test_run_plc_call_reconnects_after_comm_error PASSED [  8%]
tests/dune_tension/test_plc_moves.py::test_crossing_comb_splits_move PASSED [  8%]
tests/dune_tension/test_plc_moves.py::test_no_crossing_single_move PASSED [  9%]
tests/dune_tension/test_plc_moves.py::test_get_cached_xy_seeds_tracking_from_live_read PASSED [  9%]
tests/dune_tension/test_plc_moves.py::test_goto_xy_uses_manual_seek_path_in_desktop_mode PASSED [  9%]
tests/dune_tension/test_plc_moves.py::test_goto_xy_clears_move_type_when_xy_seek_times_out_without_motion PASSED [  9%]
tests/dune_tension/test_plc_moves.py::test_goto_xy_does_not_clear_move_type_when_xy_seek_times_out_after_motion PASSED [  9%]
tests/dune_tension/test_plc_spoof.py::test_spoof_functions PASSED        [  9%]
tests/dune_tension/test_plc_transport.py::test_read_tag_defaults_to_desktop_mode PASSED [ 10%]
tests/dune_tension/test_plc_transport.py::test_direct_mode_routes_reads_and_writes_to_direct_transport PASSED [ 10%]
tests/dune_tension/test_plc_transport.py::test_desktop_mode_rejects_low_level_motion_tag_writes PASSED [ 10%]
tests/dune_tension/test_plc_transport.py::test_reset_plc_in_desktop_mode_calls_acknowledge_error PASSED [ 10%]
tests/dune_tension/test_plc_transport.py::test_reset_plc_in_server_mode_only_requests_reset_move_type PASSED [ 10%]
tests/dune_tension/test_plc_transport.py::test_desktop_seek_xy_acknowledges_error_after_move_timeout PASSED [ 10%]
tests/dune_tension/test_plc_transport.py::test_desktop_seek_xy_resets_while_waiting_for_ready_then_moves PASSED [ 11%]
tests/dune_tension/test_plc_transport.py::test_invalid_mode_falls_back_to_desktop_with_warning PASSED [ 11%]
tests/dune_tension/test_plc_transport.py::test_is_plc_available_uses_direct_probe_in_direct_mode PASSED [ 11%]
tests/dune_tension/test_plc_transport.py::test_is_plc_available_uses_server_probe_in_server_mode PASSED [ 11%]
tests/dune_tension/test_plc_transport.py::test_write_tag_server_preserves_error_message PASSED [ 11%]
tests/dune_tension/test_plc_transport.py::test_read_tag_server_preserves_error_message PASSED [ 11%]
tests/dune_tension/test_results.py::test_derive_tension_fields_defaults_when_geometry_fails PASSED [ 12%]
tests/dune_tension/test_results.py::test_tension_result_from_measurement_populates_derived_fields PASSED [ 12%]
tests/dune_tension/test_services.py::test_result_repository_run_scope_batches_samples PASSED [ 12%]
tests/dune_tension/test_streaming_foundation.py::test_tension_result_defaults_to_legacy_measurement_mode PASSED [ 12%]
tests/dune_tension/test_streaming_foundation.py::test_interpolate_segment_pose_applies_focus_correction_and_cruise_mask PASSED [ 12%]
tests/dune_tension/test_streaming_foundation.py::test_pitch_evidence_field_merges_compatible_observations_monotonically PASSED [ 12%]
tests/dune_tension/test_streaming_foundation.py::test_focus_plane_model_fits_planar_surface PASSED [ 13%]
tests/dune_tension/test_streaming_foundation.py::test_streaming_session_repository_writes_manifest_and_session_tables PASSED [ 13%]
tests/dune_tension/test_streaming_foundation.py::test_harmonic_comb_response_detects_harmonic_signal PASSED [ 13%]
tests/dune_tension/test_streaming_runtime_and_controller.py::test_fast_frame_analyzer_detects_voiced_windows PASSED [ 13%]
tests/dune_tension/test_streaming_runtime_and_controller.py::test_async_pitch_worker_uses_injected_pitch_analyzer PASSED [ 13%]
tests/dune_tension/test_streaming_runtime_and_controller.py::test_streaming_controller_run_sweep_accepts_candidate PASSED [ 13%]
tests/dune_tension/test_streaming_runtime_and_controller.py::test_streaming_controller_run_sweep_uses_manual_focus_when_enabled PASSED [ 14%]
tests/dune_tension/test_streaming_runtime_and_controller.py::test_streaming_controller_run_rescue_uses_manual_focus_when_enabled PASSED [ 14%]
tests/dune_tension/test_summaries.py::test_order_missing_wires_basic PASSED [ 14%]
tests/dune_tension/test_summaries.py::test_order_missing_no_measured PASSED [ 14%]
tests/dune_tension/test_summaries.py::test_get_missing_wires_from_database PASSED [ 14%]
tests/dune_tension/test_summaries.py::test_compute_tensions_prefers_latest_plausible_measurement PASSED [ 15%]
tests/dune_tension/test_summaries.py::test_build_summary_plot_figure_creates_two_panel_figure PASSED [ 15%]
tests/dune_tension/test_summaries.py::test_get_tension_series_uses_summary_results_over_raw_samples PASSED [ 15%]
tests/dune_tension/test_tensiometer.py::test_merge_results_returns_only_sample PASSED [ 15%]
tests/dune_tension/test_tensiometer.py::test_merge_results_returns_highest_confidence_sample PASSED [ 15%]
tests/dune_tension/test_tensiometer.py::test_collect_samples_stops_when_confidence_threshold_is_met PASSED [ 15%]
tests/dune_tension/test_tensiometer.py::test_collect_samples_waits_for_quiet_before_audio PASSED [ 16%]
tests/dune_tension/test_tensiometer.py::test_move_to_measurement_pose_uses_manual_focus_in_legacy_mode PASSED [ 16%]
tests/dune_tension/test_tensiometer.py::test_default_quiet_waiter_requires_one_second_of_silence PASSED [ 16%]
tests/dune_tension/test_tensiometer.py::test_triangle_reference_rms_uses_full_recording_duration PASSED [ 16%]
tests/dune_tension/test_tensiometer.py::test_amplitude_confidence_falls_back_to_raw_rms_when_reference_invalid PASSED [ 16%]
tests/dune_tension/test_tensiometer.py::test_amplitude_mode_skips_pesto_until_threshold_then_analyzes_once PASSED [ 16%]
tests/dune_tension/test_tensiometer.py::test_amplitude_mode_timeout_analyzes_only_best_pending_sample PASSED [ 17%]
tests/dune_tension/test_tensiometer.py::test_amplitude_mode_continues_after_implausible_threshold_sample PASSED [ 17%]
tests/dune_tension/test_tensiometer.py::test_measure_auto_reports_estimated_time PASSED [ 17%]
tests/dune_tension/test_tensiometer.py::test_measure_auto_steps_from_last_successful_measurement PASSED [ 17%]
tests/dune_tension/test_tensiometer.py::test_measure_list_steps_from_last_successful_measurement PASSED [ 17%]
tests/dune_tension/test_tensiometer.py::test_load_tension_summary_uses_sqlite_backed_summary_series PASSED [ 17%]
tests/dune_tension/test_tensiometer.py::test_load_tension_summary_missing PASSED [ 18%]
tests/dune_tension/test_tensiometer.py::test_load_tension_summary_reports_missing_summary_rows PASSED [ 18%]
tests/dune_tension/test_tensiometer.py::test_wiggle_start_stop PASSED    [ 18%]
tests/dune_tension/test_tensiometer.py::test_focus_wiggle_compensates_x_side_a PASSED [ 18%]
tests/dune_tension/test_tensiometer.py::test_focus_wiggle_compensates_x_side_b PASSED [ 18%]
tests/dune_tension/test_tensiometer.py::test_focus_wiggle_without_callback_does_not_adjust_x PASSED [ 18%]
tests/dune_tension/test_tensiometer.py::test_goto_collect_wire_data_applies_planned_focus_before_xy_move PASSED [ 19%]
tests/dune_tension/test_tensiometer.py::test_goto_collect_wire_data_resets_plc_and_retries_failed_measurement_move PASSED [ 19%]
tests/dune_tension/test_tensiometer.py::test_collect_samples_resets_plc_and_retries_optimizer_move PASSED [ 19%]
tests/dune_tension/test_tensiometer.py::test_optimizer_focus_step_uses_coupled_x_shift PASSED [ 19%]
tests/dune_tension/test_tensiometer_functions.py::test_plan_measurement_triplets_filters_illegal_targets_and_orders_greedily PASSED [ 19%]
tests/dune_tension/test_tensiometer_functions.py::test_measure_list_uses_shared_planner_output PASSED [ 19%]
tests/dune_tension/test_tensiometer_functions.py::test_wire_position_provider_caches_latest_positions_and_focus PASSED [ 20%]
tests/dune_tension/test_tensiometer_functions.py::test_wire_position_provider_uses_confidence_weighted_y_fit PASSED [ 20%]
tests/dune_tension/test_tensiometer_functions.py::test_wire_position_provider_ignores_non_legacy_rows_and_falls_back_to_nearest_focus PASSED [ 20%]
tests/dune_tension/test_tensiometer_functions.py::test_wire_position_provider_falls_back_to_current_focus_when_no_saved_focus_exists PASSED [ 20%]
tests/dune_tension/test_tensiometer_live_callbacks.py::test_collect_samples_invokes_audio_sample_callback PASSED [ 20%]
tests/dune_tension/test_tensiometer_live_callbacks.py::test_goto_collect_wire_data_invokes_summary_refresh_callback PASSED [ 20%]
tests/dune_tension/test_waveform_dataset.py::test_waveform_reaches_noise_floor_at_end PASSED [ 21%]
tests/dune_tension/test_waveform_dataset.py::test_positive_bias_speeds_high_partials PASSED [ 21%]
tests/dune_tension/test_waveform_dataset.py::test_negative_bias_slows_high_partials PASSED [ 21%]
tests/dune_winder/test_app_config.py::AppConfigTests::test_defaults_queued_motion_dynamics_to_physical_units PASSED [ 21%]
tests/dune_winder/test_app_config.py::AppConfigTests::test_load_maps_legacy_max_jerk_to_both_physical_jerk_limits PASSED [ 21%]
tests/dune_winder/test_app_config.py::AppConfigTests::test_plc_sim_engine_defaults_and_persists PASSED [ 22%]
tests/dune_winder/test_app_config.py::AppConfigTests::test_set_preserves_separate_physical_jerk_limits PASSED [ 22%]
tests/dune_winder/test_app_config.py::AppConfigTests::test_x_backlash_compensation_defaults_and_persists PASSED [ 22%]
tests/dune_winder/test_cap_segments_speed.py::CapSegmentsSpeedTests::test_asymmetric_limits_diagonal PASSED [ 22%]
tests/dune_winder/test_cap_segments_speed.py::CapSegmentsSpeedTests::test_both_axes_infinite_returns_unchanged PASSED [ 22%]
tests/dune_winder/test_cap_segments_speed.py::CapSegmentsSpeedTests::test_diagonal_line_capped_by_tighter_axis PASSED [ 22%]
tests/dune_winder/test_cap_segments_speed.py::CapSegmentsSpeedTests::test_empty_list_returns_empty PASSED [ 23%]
tests/dune_winder/test_cap_segments_speed.py::CapSegmentsSpeedTests::test_full_circle_arc_capped PASSED [ 23%]
tests/dune_winder/test_cap_segments_speed.py::CapSegmentsSpeedTests::test_horizontal_line_capped_by_vx PASSED [ 23%]
tests/dune_winder/test_cap_segments_speed.py::CapSegmentsSpeedTests::test_horizontal_line_within_limit_unchanged PASSED [ 23%]
tests/dune_winder/test_cap_segments_speed.py::CapSegmentsSpeedTests::test_mixed_direction_lines_all_capped PASSED [ 23%]
tests/dune_winder/test_cap_segments_speed.py::CapSegmentsSpeedTests::test_mixed_line_arc_sequence_all_capped PASSED [ 23%]
tests/dune_winder/test_cap_segments_speed.py::CapSegmentsSpeedTests::test_negative_vy_raises PASSED [ 24%]
tests/dune_winder/test_cap_segments_speed.py::CapSegmentsSpeedTests::test_no_start_xy_uses_segment_zero_position PASSED [ 24%]
tests/dune_winder/test_cap_segments_speed.py::CapSegmentsSpeedTests::test_quarter_arc_capped PASSED [ 24%]
tests/dune_winder/test_cap_segments_speed.py::CapSegmentsSpeedTests::test_speed_already_within_limit_not_raised PASSED [ 24%]
tests/dune_winder/test_cap_segments_speed.py::CapSegmentsSpeedTests::test_vertical_line_capped_by_vy PASSED [ 24%]
tests/dune_winder/test_cap_segments_speed.py::CapSegmentsSpeedTests::test_zero_length_segment_not_nan PASSED [ 24%]
tests/dune_winder/test_cap_segments_speed.py::CapSegmentsSpeedTests::test_zero_vx_raises PASSED [ 25%]
tests/dune_winder/test_command_registry.py::CommandRegistryTests::test_batch_returns_mixed_result_entries PASSED [ 25%]
tests/dune_winder/test_command_registry.py::CommandRegistryTests::test_eot_recover_command_dispatch_succeeds PASSED [ 25%]
tests/dune_winder/test_command_registry.py::CommandRegistryTests::test_invalid_args_return_validation_error PASSED [ 25%]
tests/dune_winder/test_command_registry.py::CommandRegistryTests::test_known_command_dispatch_succeeds PASSED [ 25%]
tests/dune_winder/test_command_registry.py::CommandRegistryTests::test_manual_seek_xy_allows_single_axis_requests PASSED [ 25%]
tests/dune_winder/test_command_registry.py::CommandRegistryTests::test_queued_motion_max_speed_commands_dispatch PASSED [ 26%]
tests/dune_winder/test_command_registry.py::CommandRegistryTests::test_queued_motion_preview_commands_dispatch PASSED [ 26%]
tests/dune_winder/test_command_registry.py::CommandRegistryTests::test_unknown_command_returns_unknown_command_error PASSED [ 26%]
tests/dune_winder/test_command_validation.py::CommandValidationTests::test_args_must_be_an_object PASSED [ 26%]
tests/dune_winder/test_command_validation.py::CommandValidationTests::test_execute_gcode_line_returns_validation_error_when_process_reports_failure PASSED [ 26%]
tests/dune_winder/test_command_validation.py::CommandValidationTests::test_missing_required_argument_is_rejected PASSED [ 26%]
tests/dune_winder/test_command_validation.py::CommandValidationTests::test_request_requires_name_field PASSED [ 27%]
tests/dune_winder/test_command_validation.py::CommandValidationTests::test_u_template_pull_in_accepts_string_number PASSED [ 27%]
tests/dune_winder/test_command_validation.py::CommandValidationTests::test_unknown_arguments_are_rejected PASSED [ 27%]
tests/dune_winder/test_command_validation.py::CommandValidationTests::test_v_template_add_foot_pauses_accepts_string_boolean PASSED [ 27%]
tests/dune_winder/test_command_validation.py::CommandValidationTests::test_v_template_pull_in_accepts_string_number PASSED [ 27%]
tests/dune_winder/test_command_validation.py::CommandValidationTests::test_v_template_transfer_pause_accepts_string_boolean PASSED [ 27%]
tests/dune_winder/test_convert_plc_rllscrap.py::ConvertPlcRllscrapTests::test_convert_directory_writes_pasteable_output_next_to_studio_copy PASSED [ 28%]
tests/dune_winder/test_convert_plc_rllscrap.py::ConvertPlcRllscrapTests::test_default_argument_points_to_repo_root_plc_directory PASSED [ 28%]
tests/dune_winder/test_convert_plc_rllscrap.py::ConvertPlcRllscrapTests::test_iter_rllscrap_files_discovers_recursive_studio_copy_files_only PASSED [ 28%]
tests/dune_winder/test_embedded_module_tests.py::EmbeddedModuleTests::test_circle_tangent_point_main_block_cases 
tests/dune_winder/test_embedded_module_tests.py::EmbeddedModuleTests::test_circle_tangent_point_main_block_cases PASSED [ 28%]
tests/dune_winder/test_embedded_module_tests.py::EmbeddedModuleTests::test_gcode_handler_base_main_block_cases PASSED [ 28%]
tests/dune_winder/test_embedded_module_tests.py::EmbeddedModuleTests::test_head_compensation_main_block_cases PASSED [ 29%]
tests/dune_winder/test_g_code_handler_safety.py::GCodeHandlerSafetyTests::test_execute_manual_line_allows_safe_legacy_xy_move PASSED [ 29%]
tests/dune_winder/test_g_code_handler_safety.py::GCodeHandlerSafetyTests::test_execute_manual_line_blocks_unsafe_legacy_xy_move PASSED [ 29%]
tests/dune_winder/test_g_code_handler_safety.py::GCodeHandlerSafetyTests::test_execute_manual_line_compensates_positive_x_move PASSED [ 29%]
tests/dune_winder/test_gcode_domain.py::GCodeParserTests::test_comments_are_preserved_and_rendered_normalized PASSED [ 29%]
tests/dune_winder/test_gcode_domain.py::GCodeParserTests::test_p_parameters_bind_to_previous_word PASSED [ 29%]
tests/dune_winder/test_gcode_domain.py::GCodeParserTests::test_parse_rejects_unassigned_parameter PASSED [ 30%]
tests/dune_winder/test_gcode_domain.py::GCodeParserTests::test_parse_rejects_unknown_code PASSED [ 30%]
tests/dune_winder/test_gcode_domain.py::GCodeRuntimeTests::test_runtime_delivers_one_callback_per_instruction PASSED [ 30%]
tests/dune_winder/test_gcode_domain.py::GCodeDomainTests::test_opcode_catalog_covers_all_runtime_opcodes PASSED [ 30%]
tests/dune_winder/test_gcode_domain.py::GCodeDomainTests::test_parser_and_renderer_support_g206_transfer PASSED [ 30%]
tests/dune_winder/test_gcode_domain.py::GCodeDomainTests::test_parser_still_supports_legacy_g106 PASSED [ 30%]
tests/dune_winder/test_gcode_domain.py::GCodeDomainTests::test_program_executor_executes_with_canonical_runtime PASSED [ 31%]
tests/dune_winder/test_gcode_domain.py::GCodeDomainTests::test_program_executor_maps_parse_errors_to_execution_errors PASSED [ 31%]
tests/dune_winder/test_gcode_domain.py::GCodeDomainTests::test_recipe_function_helpers_build_canonical_calls PASSED [ 31%]
tests/dune_winder/test_gcode_playback_service.py::GCodePlaybackServiceTests::test_stop_always_issues_direct_hmi_stop_and_dispatches_event_while_in_motion PASSED [ 31%]
tests/dune_winder/test_gcode_playback_service.py::GCodePlaybackServiceTests::test_stop_issues_direct_hmi_stop_even_when_control_state_machine_is_idle PASSED [ 31%]
tests/dune_winder/test_generate_plc_monoroutine.py::GeneratePlcMonoroutineTests::test_generated_monoroutine_contains_no_jsr_and_unique_program_tags FAILED [ 31%]
tests/dune_winder/test_head.py::HeadControllerTests::test_fixed_latched_with_wrong_actuator_blocks_z_motion PASSED [ 32%]
tests/dune_winder/test_head.py::HeadControllerTests::test_fixed_to_stage_g206_runs_2_to_1_then_moves_to_requested_z PASSED [ 32%]
tests/dune_winder/test_head.py::HeadControllerTests::test_g206_failure_does_not_leave_head_controller_busy FAILED [ 32%]
tests/dune_winder/test_head.py::HeadControllerTests::test_g206_retries_until_timeout_before_error FAILED [ 32%]
tests/dune_winder/test_head.py::HeadControllerTests::test_g206_waits_for_enable_actuator_before_first_pulse PASSED [ 32%]
tests/dune_winder/test_head.py::HeadControllerTests::test_invalid_g206_start_state_fails_immediately PASSED [ 32%]
tests/dune_winder/test_head.py::HeadControllerTests::test_same_side_stage_g206_move_only_seeks_z PASSED [ 33%]
tests/dune_winder/test_head.py::HeadControllerTests::test_stage_to_fixed_g206_runs_1_to_3_to_2_then_retracts PASSED [ 33%]
tests/dune_winder/test_head_g106_transfer.py::G206TransferSimulatedTests::test_fixed_to_stage_transfer_completes PASSED [ 33%]
tests/dune_winder/test_head_g106_transfer.py::G206TransferSimulatedTests::test_same_side_stage_move_skips_latching PASSED [ 33%]
tests/dune_winder/test_head_g106_transfer.py::G206TransferSimulatedTests::test_stage_to_fixed_transfer_completes PASSED [ 33%]
tests/dune_winder/test_head_g106_transfer.py::G206TransferLadderTests::test_fixed_to_stage_transfer_completes PASSED [ 33%]
tests/dune_winder/test_head_g106_transfer.py::G206TransferLadderTests::test_same_side_stage_move_skips_latching PASSED [ 34%]
tests/dune_winder/test_head_g106_transfer.py::G206TransferLadderTests::test_stage_to_fixed_transfer_completes PASSED [ 34%]
tests/dune_winder/test_hmi_stop_request_generation.py::HMIStopRequestGenerationTests::test_generated_rll_matches_checked_in_pasteable FAILED [ 34%]
tests/dune_winder/test_json.py::JsonTests::test_dumps_serializes_nested_datetime_values PASSED [ 34%]
tests/dune_winder/test_ladder_simulated_plc.py::LadderSimulatedPlcTests::test_eot_state_request_enters_eot_recovery_state PASSED [ 34%]
tests/dune_winder/test_ladder_simulated_plc.py::LadderSimulatedPlcTests::test_gui_latch_pulse_advances_stub_and_auto_clears FAILED [ 34%]
tests/dune_winder/test_ladder_simulated_plc.py::LadderSimulatedPlcTests::test_hmi_stop_request_interrupts_queued_motion_and_aborts_queue PASSED [ 35%]
tests/dune_winder/test_ladder_simulated_plc.py::LadderSimulatedPlcTests::test_hmi_stop_request_interrupts_xy_seek_and_returns_ready FAILED [ 35%]
tests/dune_winder/test_ladder_simulated_plc.py::LadderSimulatedPlcTests::test_initial_state_uses_ladder_seeded_tags PASSED [ 35%]
tests/dune_winder/test_ladder_simulated_plc.py::LadderSimulatedPlcTests::test_latch_home_and_unlock_stub_update_homed_status PASSED [ 35%]
tests/dune_winder/test_ladder_simulated_plc.py::LadderSimulatedPlcTests::test_latch_stub_cycles_positions_without_stalling_state_machine FAILED [ 35%]
tests/dune_winder/test_ladder_simulated_plc.py::LadderSimulatedPlcTests::test_queue_circle_segment_executes_via_motion_queue_routine PASSED [ 36%]
tests/dune_winder/test_ladder_simulated_plc.py::LadderSimulatedPlcTests::test_queue_circle_segment_is_capped_before_start_pulse FAILED [ 36%]
tests/dune_winder/test_ladder_simulated_plc.py::LadderSimulatedPlcTests::test_queue_segment_enqueues_and_executes_via_motion_queue_routine PASSED [ 36%]
tests/dune_winder/test_ladder_simulated_plc.py::LadderSimulatedPlcTests::test_queue_segment_is_capped_before_start_pulse FAILED [ 36%]
tests/dune_winder/test_ladder_simulated_plc.py::LadderSimulatedPlcTests::test_queue_start_caps_arc_segment_to_axis_component_limits FAILED [ 36%]
tests/dune_winder/test_ladder_simulated_plc.py::LadderSimulatedPlcTests::test_queue_start_caps_diagonal_segment_before_cmd_a_issue FAILED [ 36%]
tests/dune_winder/test_ladder_simulated_plc.py::LadderSimulatedPlcTests::test_queue_start_caps_pending_segment_before_cmd_b_issue FAILED [ 37%]
tests/dune_winder/test_ladder_simulated_plc.py::LadderSimulatedPlcTests::test_xy_seek_move_reaches_target_and_returns_ready FAILED [ 37%]
tests/dune_winder/test_ladder_simulated_plc.py::LadderSimulatedPlcTests::test_xy_seek_move_reaches_target_with_imperative_backend FAILED [ 37%]
tests/dune_winder/test_ladder_simulated_plc.py::LadderSimulatedPlcTests::test_xz_seek_respects_transfer_override FAILED [ 37%]
tests/dune_winder/test_log.py::LogTests::test_get_all_tail_reads_last_lines_without_header PASSED [ 37%]
tests/dune_winder/test_log.py::LogTests::test_get_all_tail_returns_no_header_when_log_has_no_entries PASSED [ 37%]
tests/dune_winder/test_main.py::MainCommandHandlerTests::test_command_handler_accepts_legacy_raw_manual_gcode PASSED [ 38%]
tests/dune_winder/test_main.py::MainCommandHandlerTests::test_command_handler_rejects_non_json_non_gcode_payload PASSED [ 38%]
tests/dune_winder/test_manual_calibration.py::ManualCalibrationTests::test_build_transform_covers_translation_similarity_and_affine PASSED [ 38%]
tests/dune_winder/test_manual_calibration.py::ManualCalibrationTests::test_capture_uses_camera_offset_and_goto_uses_camera_target PASSED [ 38%]
tests/dune_winder/test_manual_calibration.py::ManualCalibrationTests::test_capture_uses_effective_x_when_positive_backlash_bias_is_active PASSED [ 38%]
tests/dune_winder/test_manual_calibration.py::ManualCalibrationTests::test_changing_camera_offset_recomputes_captured_uv_measurements PASSED [ 38%]
tests/dune_winder/test_manual_calibration.py::ManualCalibrationTests::test_default_session_starts_nominal_and_recalibration_uses_live_geometry PASSED [ 39%]
tests/dune_winder/test_manual_calibration.py::ManualCalibrationTests::test_default_session_uses_loaded_runtime_calibration_when_present PASSED [ 39%]
tests/dune_winder/test_manual_calibration.py::ManualCalibrationTests::test_draft_persists_without_overwriting_live_calibration PASSED [ 39%]
tests/dune_winder/test_manual_calibration.py::ManualCalibrationTests::test_front_pin_prediction_uses_mapped_back_pin_correction PASSED [ 39%]
tests/dune_winder/test_manual_calibration.py::ManualCalibrationTests::test_hashless_calibration_refreshes_runtime_calibration_when_file_changes PASSED [ 39%]
tests/dune_winder/test_manual_calibration.py::ManualCalibrationTests::test_layer_metadata_uses_expected_pin_counts_and_bootstrap PASSED [ 39%]
tests/dune_winder/test_manual_calibration.py::ManualCalibrationTests::test_nominal_calibration_assigns_back_labels_to_back_side_geometry PASSED [ 40%]
tests/dune_winder/test_manual_calibration.py::ManualCalibrationTests::test_save_live_keeps_zero_file_offset_and_reloads_runtime_calibration PASSED [ 40%]
tests/dune_winder/test_manual_calibration.py::ManualCalibrationTests::test_state_reports_and_updates_x_backlash_compensation PASSED [ 40%]
tests/dune_winder/test_manual_calibration.py::ManualCalibrationTests::test_unsupported_layer_reports_disabled_state PASSED [ 40%]
tests/dune_winder/test_manual_calibration.py::ManualCalibrationTests::test_xg_draft_persists_without_writing_live_recipe PASSED [ 40%]
tests/dune_winder/test_manual_calibration.py::ManualCalibrationTests::test_xg_generate_writes_live_gcode_and_refreshes_active_recipe PASSED [ 40%]
tests/dune_winder/test_manual_calibration.py::ManualCalibrationTests::test_xg_goto_reference_uses_selected_reference_target PASSED [ 41%]
tests/dune_winder/test_manual_calibration.py::ManualCalibrationTests::test_xg_layer_reports_enabled_state_and_capture_uses_camera_offset PASSED [ 41%]
tests/dune_winder/test_manual_calibration.py::ManualCalibrationTests::test_xg_state_uses_loaded_runtime_calibration_references_when_present PASSED [ 41%]
tests/dune_winder/test_manual_mode.py::ManualModeTests::test_execute_gcode_waits_while_head_transfer_substate_is_active PASSED [ 41%]
tests/dune_winder/test_manual_mode.py::ManualModeTests::test_plc_seek_returns_to_stop_after_eot_recovery_without_axis_busy_bits PASSED [ 41%]
tests/dune_winder/test_manual_mode.py::ManualModeTests::test_plc_seek_waits_for_busy_transition_before_returning_to_stop PASSED [ 41%]
tests/dune_winder/test_merge_planner.py::MergePlannerTests::test_falls_back_to_precise_stop_lines_when_filleted_path_is_impossible PASSED [ 42%]
tests/dune_winder/test_merge_planner.py::MergePlannerTests::test_prefers_filleted_polygon_with_waypoints_on_arcs PASSED [ 42%]
tests/dune_winder/test_merge_planner.py::MergePlannerTests::test_seeds_fillets_from_axis_limited_corner_speed PASSED [ 42%]
tests/dune_winder/test_merge_planner.py::MergePlannerTests::test_uses_jerk_limited_radius_larger_than_machine_minimum PASSED [ 42%]
tests/dune_winder/test_metrics_collector.py::MetricsCollectorTests::test_collector_degrades_gracefully_without_influx_dependency PASSED [ 42%]
tests/dune_winder/test_monoroutine_equivalence.py::MonoroutineEquivalenceTests::test_active_seq_advances_with_segment FAILED [ 43%]
tests/dune_winder/test_monoroutine_equivalence.py::MonoroutineEquivalenceTests::test_arc_segment_enqueued_correctly FAILED [ 43%]
tests/dune_winder/test_monoroutine_equivalence.py::MonoroutineEquivalenceTests::test_arc_segment_stream FAILED [ 43%]
tests/dune_winder/test_monoroutine_equivalence.py::MonoroutineEquivalenceTests::test_error_clear_returns_to_ready FAILED [ 43%]
tests/dune_winder/test_monoroutine_equivalence.py::MonoroutineEquivalenceTests::test_four_line_segment_stream FAILED [ 43%]
tests/dune_winder/test_monoroutine_equivalence.py::MonoroutineEquivalenceTests::test_hmi_stop_state_transition FAILED [ 43%]
tests/dune_winder/test_monoroutine_equivalence.py::MonoroutineEquivalenceTests::test_initial_queue_empty PASSED [ 44%]
tests/dune_winder/test_monoroutine_equivalence.py::MonoroutineEquivalenceTests::test_initial_state_both_ready PASSED [ 44%]
tests/dune_winder/test_monoroutine_equivalence.py::MonoroutineEquivalenceTests::test_initial_state_error_code_zero PASSED [ 44%]
tests/dune_winder/test_monoroutine_equivalence.py::MonoroutineEquivalenceTests::test_mixed_segment_stream FAILED [ 44%]
tests/dune_winder/test_monoroutine_equivalence.py::MonoroutineEquivalenceTests::test_multiple_segments_queue_count_matches FAILED [ 44%]
tests/dune_winder/test_monoroutine_equivalence.py::MonoroutineEquivalenceTests::test_next_issued_when_two_or_more_queued FAILED [ 44%]
tests/dune_winder/test_monoroutine_equivalence.py::MonoroutineEquivalenceTests::test_queue_abort_clears_state FAILED [ 45%]
tests/dune_winder/test_monoroutine_equivalence.py::MonoroutineEquivalenceTests::test_queue_stop_request_drains_gracefully PASSED [ 45%]
tests/dune_winder/test_monoroutine_equivalence.py::MonoroutineEquivalenceTests::test_segment_enqueue_ack_matches FAILED [ 45%]
tests/dune_winder/test_monoroutine_equivalence.py::MonoroutineEquivalenceTests::test_segment_speed_capping_identical FAILED [ 45%]
tests/dune_winder/test_monoroutine_equivalence.py::MonoroutineEquivalenceTests::test_single_line_segment_stream FAILED [ 45%]
tests/dune_winder/test_monoroutine_equivalence.py::MonoroutineEquivalenceTests::test_start_queued_path_activates_cur_issued FAILED [ 45%]
tests/dune_winder/test_monoroutine_equivalence.py::MonoroutineEquivalenceTests::test_unservo_state_transition PASSED [ 46%]
tests/dune_winder/test_monoroutine_equivalence.py::MonoroutineEquivalenceTests::test_xy_jog_state_transition PASSED [ 46%]
tests/dune_winder/test_monoroutine_equivalence.py::MonoroutineEquivalenceTests::test_xy_seek_from_far FAILED [ 46%]
tests/dune_winder/test_monoroutine_equivalence.py::MonoroutineEquivalenceTests::test_xy_seek_from_mid_range FAILED [ 46%]
tests/dune_winder/test_monoroutine_equivalence.py::MonoroutineEquivalenceTests::test_xy_seek_from_origin FAILED [ 46%]
tests/dune_winder/test_monoroutine_equivalence.py::MonoroutineEquivalenceTests::test_xy_seek_state_transition FAILED [ 46%]
tests/dune_winder/test_monoroutine_equivalence.py::MonoroutineEquivalenceTests::test_z_jog_state_transition PASSED [ 47%]
tests/dune_winder/test_monoroutine_equivalence.py::MonoroutineEquivalenceTests::test_z_seek_state_transition PASSED [ 47%]
tests/dune_winder/test_motion_queue_3d_arc.py::MotionQueue3DArcTests::test_segment_to_udt_uses_xyz_arrays PASSED [ 47%]
tests/dune_winder/test_motion_queue_3d_arc.py::MotionQueue3DArcTests::test_validate_arc_accepts_valid_segment PASSED [ 47%]
tests/dune_winder/test_motion_queue_3d_arc.py::MotionQueue3DArcTests::test_validate_arc_rejects_collinear_geometry PASSED [ 47%]
tests/dune_winder/test_motion_queue_3d_arc.py::MotionQueue3DArcTests::test_validate_arc_rejects_full_circle_start_equals_end PASSED [ 47%]
tests/dune_winder/test_motion_queue_3d_arc.py::MotionQueue3DArcTests::test_validate_arc_rejects_full_direction_modes PASSED [ 48%]
tests/dune_winder/test_motion_queue_3d_arc.py::MotionQueue3DArcTests::test_validate_arc_rejects_nonpositive_jerk 
tests/dune_winder/test_motion_queue_3d_arc.py::MotionQueue3DArcTests::test_validate_arc_rejects_nonpositive_jerk PASSED [ 48%]
tests/dune_winder/test_motion_queue_3d_arc.py::MotionQueue3DArcTests::test_validate_arc_rejects_radius_mismatch PASSED [ 48%]
tests/dune_winder/test_motion_queue_3d_arc.py::MotionQueue3DArcTests::test_xy_interlock_blocks_when_xy_queue_active PASSED [ 48%]
tests/dune_winder/test_motion_queue_test_gui.py::MotionQueueTestGuiTests::test_live_position_matches_plan_start_within_tolerance PASSED [ 48%]
tests/dune_winder/test_motion_queue_test_gui.py::MotionQueueTestGuiTests::test_live_position_rejects_plan_start_outside_tolerance PASSED [ 48%]
tests/dune_winder/test_motion_queue_test_gui.py::MotionQueueTestGuiTests::test_planned_speed_summary_reports_capped_speed_range PASSED [ 49%]
tests/dune_winder/test_motion_queue_test_gui.py::MotionQueueTestGuiTests::test_planned_speed_summary_reports_uniform_planned_speed PASSED [ 49%]
tests/dune_winder/test_motion_queue_test_gui.py::MotionQueueTestGuiTests::test_planner_waypoints_deduplicates_first_destination_matching_live_position PASSED [ 49%]
tests/dune_winder/test_motion_queue_test_gui.py::MotionQueueTestGuiTests::test_planner_waypoints_prepends_live_position_as_waypoint_zero PASSED [ 49%]
tests/dune_winder/test_motion_queue_test_gui.py::MotionQueueTestGuiTests::test_planner_waypoints_requires_live_position PASSED [ 49%]
tests/dune_winder/test_motion_queue_test_gui.py::MotionQueueTestGuiTests::test_required_waypoint_min_arc_radius_ignores_non_arc_segments PASSED [ 50%]
tests/dune_winder/test_motion_queue_test_gui.py::MotionQueueTestGuiTests::test_required_waypoint_min_arc_radius_uses_dynamic_radius_for_arcs PASSED [ 50%]
tests/dune_winder/test_motion_queue_test_gui.py::MotionQueueTestGuiTests::test_segment_dynamic_min_radius_respects_requested_minimum PASSED [ 50%]
tests/dune_winder/test_motion_safety.py::MotionSafetyTests::test_motion_safety_limits_can_be_built_from_calibration PASSED [ 50%]
tests/dune_winder/test_motion_safety.py::MotionSafetyTests::test_motion_safety_limits_default_z_collision_threshold_uses_z_back PASSED [ 50%]
tests/dune_winder/test_motion_safety.py::MotionSafetyTests::test_validate_accepts_safe_line_and_arc_path PASSED [ 50%]
tests/dune_winder/test_motion_safety.py::MotionSafetyTests::test_validate_allows_central_apa_motion_when_z_not_extended PASSED [ 51%]
tests/dune_winder/test_motion_safety.py::MotionSafetyTests::test_validate_allows_head_transfer_zone_motion_when_supports_clear PASSED [ 51%]
tests/dune_winder/test_motion_safety.py::MotionSafetyTests::test_validate_rejects_arc_crossing_apa_collision_zone_when_z_extended PASSED [ 51%]
tests/dune_winder/test_motion_safety.py::MotionSafetyTests::test_validate_rejects_arc_crossing_pivot_keepout PASSED [ 51%]
tests/dune_winder/test_motion_safety.py::MotionSafetyTests::test_validate_rejects_central_apa_motion_when_z_extended PASSED [ 51%]
tests/dune_winder/test_motion_safety.py::MotionSafetyTests::test_validate_rejects_foot_support_passthrough_when_lock_active PASSED [ 51%]
tests/dune_winder/test_motion_safety.py::MotionSafetyTests::test_validate_rejects_head_support_endpoint_when_lock_active PASSED [ 52%]
tests/dune_winder/test_motion_safety.py::MotionSafetyTests::test_validate_rejects_line_crossing_pivot_keepout PASSED [ 52%]
tests/dune_winder/test_motion_safety.py::MotionSafetyTests::test_validate_rejects_point_outside_box_limits PASSED [ 52%]
tests/dune_winder/test_motion_safety.py::MotionSafetyTests::test_validate_xy_move_reuses_shared_bounds_logic PASSED [ 52%]
tests/dune_winder/test_motion_segment_patterns.py::MotionSegmentPatternTests::test_apply_merge_term_types_marks_non_tangent_as_term0 PASSED [ 52%]
tests/dune_winder/test_motion_segment_patterns.py::MotionSegmentPatternTests::test_apply_merge_term_types_marks_tangent_chain_as_term4 PASSED [ 52%]
tests/dune_winder/test_motion_segment_patterns.py::MotionSegmentPatternTests::test_apsidal_orbit_precesses_per_revolution PASSED [ 53%]
tests/dune_winder/test_motion_segment_patterns.py::MotionSegmentPatternTests::test_apsidal_orbit_stays_in_bounds PASSED [ 53%]
tests/dune_winder/test_motion_segment_patterns.py::MotionSegmentPatternTests::test_fibonacci_spiral_fits_requested_bounds_ccw PASSED [ 53%]
tests/dune_winder/test_motion_segment_patterns.py::MotionSegmentPatternTests::test_fibonacci_spiral_fits_requested_bounds_cw PASSED [ 53%]
tests/dune_winder/test_motion_segment_patterns.py::MotionSegmentPatternTests::test_fibonacci_spiral_rejects_invalid_direction PASSED [ 53%]
tests/dune_winder/test_motion_segment_patterns.py::MotionSegmentPatternTests::test_lissajous_uses_tangent_arc_interpolation PASSED [ 53%]
tests/dune_winder/test_plc_branch_simplifier.py::PlcBranchSimplifierTests::test_expands_condition_only_branch_with_duplicate_safe_suffix PASSED [ 54%]
tests/dune_winder/test_plc_branch_simplifier.py::PlcBranchSimplifierTests::test_expands_nested_condition_only_branches PASSED [ 54%]
tests/dune_winder/test_plc_branch_simplifier.py::PlcBranchSimplifierTests::test_flags_branch_paths_with_side_effects PASSED [ 54%]
tests/dune_winder/test_plc_branch_simplifier.py::PlcBranchSimplifierTests::test_iter_pasteable_files_discovers_recursive_targets_only PASSED [ 54%]
tests/dune_winder/test_plc_branch_simplifier.py::PlcBranchSimplifierTests::test_lowers_motion_suffix_through_helper_bit PASSED [ 54%]
tests/dune_winder/test_plc_branch_simplifier.py::PlcBranchSimplifierTests::test_lowers_ote_suffix_through_helper_bit PASSED [ 54%]
tests/dune_winder/test_plc_branch_simplifier.py::PlcBranchSimplifierTests::test_lowers_read_write_overlap_through_helper_bit PASSED [ 55%]
tests/dune_winder/test_plc_branch_simplifier.py::PlcBranchSimplifierTests::test_simplify_file_rewrites_only_when_requested PASSED [ 55%]
tests/dune_winder/test_plc_ladder_metadata.py::PlcLadderMetadataTests::test_loads_controller_program_tags_and_udts FAILED [ 55%]
tests/dune_winder/test_plc_ladder_metadata.py::PlcLadderMetadataTests::test_program_tags_shadow_controller_tags FAILED [ 55%]
tests/dune_winder/test_plc_ladder_metadata.py::PlcLadderMetadataTests::test_tag_store_seeds_controller_and_program_values FAILED [ 55%]
tests/dune_winder/test_plc_ladder_parser.py::PlcLadderParserTests::test_generates_python_with_rockwell_mnemonics FAILED [ 55%]
tests/dune_winder/test_plc_ladder_parser.py::PlcLadderParserTests::test_imperative_codegen_compiles_for_movez_main FAILED [ 56%]
tests/dune_winder/test_plc_ladder_parser.py::PlcLadderParserTests::test_imperative_codegen_compiles_jump_label_routines FAILED [ 56%]
tests/dune_winder/test_plc_ladder_parser.py::PlcLadderParserTests::test_imperative_codegen_reuses_boolean_branch_temps_for_ote PASSED [ 56%]
tests/dune_winder/test_plc_ladder_parser.py::PlcLadderParserTests::test_imperative_codegen_sanitizes_invalid_root_names FAILED [ 56%]
tests/dune_winder/test_plc_ladder_parser.py::PlcLadderParserTests::test_parses_all_checked_in_pasteable_routines 
tests/dune_winder/test_plc_ladder_parser.py::PlcLadderParserTests::test_parses_all_checked_in_pasteable_routines PASSED [ 56%]
tests/dune_winder/test_plc_ladder_parser.py::PlcLadderParserTests::test_parses_all_targeted_acceptance_routines 
tests/dune_winder/test_plc_ladder_parser.py::PlcLadderParserTests::test_parses_all_targeted_acceptance_routines PASSED [ 56%]
tests/dune_winder/test_plc_ladder_parser.py::PlcLadderParserTests::test_parses_quoted_cmp_formula_as_unquoted_ast_operand PASSED [ 57%]
tests/dune_winder/test_plc_ladder_parser.py::PlcLadderParserTests::test_round_trips_motion_queue_helpers_through_structured_python 
tests/dune_winder/test_plc_ladder_parser.py::PlcLadderParserTests::test_round_trips_motion_queue_helpers_through_structured_python PASSED [ 57%]
tests/dune_winder/test_plc_ladder_parser.py::PlcLadderParserTests::test_round_trips_movez_main_routine FAILED [ 57%]
tests/dune_winder/test_plc_ladder_runtime.py::PlcLadderRuntimeTests::test_bound_api_normalizes_reference_and_value_operands_from_tag_refs PASSED [ 57%]
tests/dune_winder/test_plc_ladder_runtime.py::PlcLadderRuntimeTests::test_branch_math_and_expression_execution PASSED [ 57%]
tests/dune_winder/test_plc_ladder_runtime.py::PlcLadderRuntimeTests::test_coordinate_motion_tracks_pending_status_scan_by_scan FAILED [ 58%]
tests/dune_winder/test_plc_ladder_runtime.py::PlcLadderRuntimeTests::test_ffl_and_ffu_update_queue_control_and_payload FAILED [ 58%]
tests/dune_winder/test_plc_ladder_runtime.py::PlcLadderRuntimeTests::test_generated_python_matches_ast_execution_for_movexy_main FAILED [ 58%]
tests/dune_winder/test_plc_ladder_runtime.py::PlcLadderRuntimeTests::test_generated_python_matches_ast_execution_for_movez_main FAILED [ 58%]
tests/dune_winder/test_plc_ladder_runtime.py::PlcLadderRuntimeTests::test_generated_python_matches_ast_for_branch_math_and_expression_execution PASSED [ 58%]
tests/dune_winder/test_plc_ladder_runtime.py::PlcLadderRuntimeTests::test_generated_python_matches_ast_for_coordinate_motion_scan_by_scan FAILED [ 58%]
tests/dune_winder/test_plc_ladder_runtime.py::PlcLadderRuntimeTests::test_generated_python_matches_ast_for_ffl_and_ffu FAILED [ 59%]
tests/dune_winder/test_plc_ladder_runtime.py::PlcLadderRuntimeTests::test_mccm_uses_arc_speed_and_accel_operands FAILED [ 59%]
tests/dune_winder/test_plc_ladder_runtime.py::PlcLadderRuntimeTests::test_osr_and_ons_only_pulse_on_rising_edge PASSED [ 59%]
tests/dune_winder/test_plc_ladder_runtime.py::PlcLadderRuntimeTests::test_tag_refs_support_member_index_value_and_write_through_access PASSED [ 59%]
tests/dune_winder/test_plc_ladder_runtime.py::PlcPollHookTests::test_poll_all_wraps_reads_in_scan_cycle_hooks PASSED [ 59%]
tests/dune_winder/test_plc_logic.py::PLCLogicTests::test_eot_recover_requests_state_request PASSED [ 59%]
tests/dune_winder/test_plc_logic.py::PLCLogicTests::test_get_state_reads_live_value_via_list_based_fresh_read PASSED [ 60%]
tests/dune_winder/test_plc_logic.py::PLCLogicTests::test_get_transfer_state_now_reads_live_snapshot PASSED [ 60%]
tests/dune_winder/test_plc_logic.py::PLCLogicTests::test_latch_home_is_not_supported_by_checked_in_plc_contract PASSED [ 60%]
tests/dune_winder/test_plc_logic.py::PLCLogicTests::test_latch_unlock_is_not_supported_by_checked_in_plc_contract PASSED [ 60%]
tests/dune_winder/test_plc_logic.py::PLCLogicTests::test_move_latch_requests_state_when_both_present_bits_are_true PASSED [ 60%]
tests/dune_winder/test_plc_logic.py::PLCLogicTests::test_move_latch_skips_pulse_when_present_interlock_is_false PASSED [ 60%]
tests/dune_winder/test_plc_logic.py::PLCLogicTests::test_reset_clears_error_code_and_state_request PASSED [ 61%]
tests/dune_winder/test_plc_logic.py::PLCLogicTests::test_servo_disable_requests_state_request PASSED [ 61%]
tests/dune_winder/test_plc_logic.py::PLCLogicTests::test_stop_seek_requests_hmi_stop_state PASSED [ 61%]
tests/dune_winder/test_plc_logic.py::PLCLogicTests::test_xy_seek_requests_state_request PASSED [ 61%]
tests/dune_winder/test_plc_logic.py::PLCLogicTests::test_xz_move_reads_y_transfer_ok_via_list_based_fresh_read PASSED [ 61%]
tests/dune_winder/test_plc_logic.py::PLCLogicTests::test_z_jog_pulses_move_type_for_reverse_direction PASSED [ 61%]
tests/dune_winder/test_plc_logic.py::PLCLogicTests::test_z_seek_requests_state_after_updating_target PASSED [ 62%]
tests/dune_winder/test_plc_manifest.py::ComputeMetadataHashTests::test_changes_when_tag_name_changes PASSED [ 62%]
tests/dune_winder/test_plc_manifest.py::ComputeMetadataHashTests::test_ignores_generated_at_change PASSED [ 62%]
tests/dune_winder/test_plc_manifest.py::ComputeMetadataHashTests::test_ignores_tag_read_error_change PASSED [ 62%]
tests/dune_winder/test_plc_manifest.py::ComputeMetadataHashTests::test_ignores_tag_value_change PASSED [ 62%]
tests/dune_winder/test_plc_manifest.py::ComputeMetadataHashTests::test_ignores_values_generated_at_change PASSED [ 62%]
tests/dune_winder/test_plc_manifest.py::ComputeMetadataHashTests::test_returns_none_when_file_missing PASSED [ 63%]
tests/dune_winder/test_plc_manifest.py::ComputeValuesHashTests::test_changes_when_tag_value_changes PASSED [ 63%]
tests/dune_winder/test_plc_manifest.py::ComputeValuesHashTests::test_changes_when_values_generated_at_changes PASSED [ 63%]
tests/dune_winder/test_plc_manifest.py::ComputeValuesHashTests::test_returns_none_when_file_missing PASSED [ 63%]
tests/dune_winder/test_plc_manifest.py::ComputeValuesHashTests::test_returns_none_when_values_generated_at_absent PASSED [ 63%]
tests/dune_winder/test_plc_manifest.py::ComputeValuesHashTests::test_stable_when_only_generated_at_changes PASSED [ 63%]
tests/dune_winder/test_plc_manifest.py::ComputeRllscrapHashTests::test_crlf_and_lf_produce_same_hash PASSED [ 64%]
tests/dune_winder/test_plc_manifest.py::ComputeRllscrapHashTests::test_differs_on_content_change PASSED [ 64%]
tests/dune_winder/test_plc_manifest.py::ComputeRllscrapHashTests::test_empty_file_produces_stable_hash PASSED [ 64%]
tests/dune_winder/test_plc_manifest.py::PlcManifestLoadSaveTests::test_load_creates_empty_structure_when_manifest_absent PASSED [ 64%]
tests/dune_winder/test_plc_manifest.py::PlcManifestLoadSaveTests::test_save_creates_manifest_json PASSED [ 64%]
tests/dune_winder/test_plc_manifest.py::PlcManifestLoadSaveTests::test_save_is_atomic_no_partial_write PASSED [ 65%]
tests/dune_winder/test_plc_manifest.py::PlcManifestLoadSaveTests::test_save_load_roundtrip_preserves_data PASSED [ 65%]
tests/dune_winder/test_plc_manifest.py::PlcManifestUpdateTests::test_update_rllscrap_writes_hash_hashed_at_and_file_mtime PASSED [ 65%]
tests/dune_winder/test_plc_manifest.py::PlcManifestUpdateTests::test_update_tag_metadata_controller_uses_none_key PASSED [ 65%]
tests/dune_winder/test_plc_manifest.py::PlcManifestUpdateTests::test_update_tag_metadata_returns_none_when_file_missing PASSED [ 65%]
tests/dune_winder/test_plc_manifest.py::PlcManifestUpdateTests::test_update_tag_metadata_writes_hash_and_generated_at PASSED [ 65%]
tests/dune_winder/test_plc_manifest.py::PlcManifestUpdateTests::test_update_tag_values_returns_none_when_values_generated_at_absent PASSED [ 66%]
tests/dune_winder/test_plc_manifest.py::PlcManifestUpdateTests::test_update_tag_values_writes_hash_and_generated_at PASSED [ 66%]
tests/dune_winder/test_plc_manifest.py::PlcManifestScanRllscrapTests::test_scan_empty_directory_returns_empty_list PASSED [ 66%]
tests/dune_winder/test_plc_manifest.py::PlcManifestScanRllscrapTests::test_scan_finds_all_studio_copy_files PASSED [ 66%]
tests/dune_winder/test_plc_manifest.py::PlcManifestScanRllscrapTests::test_scan_updates_manifest_entries PASSED [ 66%]
tests/dune_winder/test_plc_manifest.py::PlcManifestStatusTests::test_status_classifies_missing_when_rllscrap_deleted PASSED [ 66%]
tests/dune_winder/test_plc_manifest.py::PlcManifestStatusTests::test_status_classifies_modified_when_metadata_changes PASSED [ 67%]
tests/dune_winder/test_plc_manifest.py::PlcManifestStatusTests::test_status_classifies_modified_when_rllscrap_content_changes PASSED [ 67%]
tests/dune_winder/test_plc_manifest.py::PlcManifestStatusTests::test_status_classifies_new_for_untracked_rllscrap PASSED [ 67%]
tests/dune_winder/test_plc_manifest.py::PlcManifestStatusTests::test_status_classifies_ok_when_hash_matches PASSED [ 67%]
tests/dune_winder/test_plc_manifest.py::PlcManifestStatusTests::test_status_omits_tag_values_when_never_exported PASSED [ 67%]
tests/dune_winder/test_plc_manifest.py::PlcManifestStatusTests::test_status_returns_empty_for_empty_plc_root PASSED [ 67%]
tests/dune_winder/test_plc_manifest.py::WriteSnapshotManifestIntegrationTests::test_write_plc_snapshot_creates_manifest_json PASSED [ 68%]
tests/dune_winder/test_plc_metadata_export.py::PlcMetadataExportTests::test_infer_main_routine_prefers_program_name_match PASSED [ 68%]
tests/dune_winder/test_plc_metadata_export.py::PlcMetadataExportTests::test_infer_main_routine_returns_none_when_unresolved PASSED [ 68%]
tests/dune_winder/test_plc_metadata_export.py::PlcMetadataExportTests::test_normalize_tag_definition_strips_program_prefix_from_local_name PASSED [ 68%]
tests/dune_winder/test_plc_metadata_export.py::PlcMetadataExportTests::test_split_controller_and_program_tags_separates_program_scoped_tags PASSED [ 68%]
tests/dune_winder/test_plc_metadata_export.py::PlcMetadataExportTests::test_write_plc_snapshot_creates_requested_plc_tree PASSED [ 68%]
tests/dune_winder/test_plc_mode.py::PlcModeTests::test_app_config_defaults_to_real_and_persists_sim PASSED [ 69%]
tests/dune_winder/test_plc_mode.py::PlcModeTests::test_app_config_rejects_invalid_plc_mode PASSED [ 69%]
tests/dune_winder/test_plc_mode.py::PlcModeTests::test_app_config_rejects_invalid_plc_sim_engine PASSED [ 69%]
tests/dune_winder/test_plc_mode.py::PlcModeTests::test_ladder_sim_backend_selection_uses_opt_in_engine PASSED [ 69%]
tests/dune_winder/test_plc_mode.py::PlcModeTests::test_resolve_plc_mode_uses_cli_override PASSED [ 69%]
tests/dune_winder/test_plc_mode.py::PlcModeTests::test_resolve_plc_sim_engine_uses_cli_override PASSED [ 69%]
tests/dune_winder/test_plc_mode.py::PlcModeTests::test_sim_backend_selection_does_not_require_pycomm3 PASSED [ 70%]
tests/dune_winder/test_plc_rung_transform.py::PlcRungTransformTests::test_transform_file_writes_output_file PASSED [ 70%]
tests/dune_winder/test_plc_rung_transform.py::PlcRungTransformTests::test_transform_text_applies_bracketed_condition_rewrite_before_flattening PASSED [ 70%]
tests/dune_winder/test_plc_rung_transform.py::PlcRungTransformTests::test_transform_text_converts_bracketed_conditions_and_normalizes_spacing PASSED [ 70%]
tests/dune_winder/test_plc_rung_transform.py::PlcRungTransformTests::test_transform_text_converts_function_style_conditions_inside_brackets PASSED [ 70%]
tests/dune_winder/test_plc_rung_transform.py::PlcRungTransformTests::test_transform_text_converts_non_numeric_bracket_lists PASSED [ 70%]
tests/dune_winder/test_plc_rung_transform.py::PlcRungTransformTests::test_transform_text_leaves_numeric_bracket_lists_unchanged PASSED [ 71%]
tests/dune_winder/test_plc_rung_transform.py::PlcRungTransformTests::test_transform_text_preserves_cpt_parentheses_inside_nested_branches PASSED [ 71%]
tests/dune_winder/test_plc_rung_transform.py::PlcRungTransformTests::test_transform_text_preserves_parentheses_in_cmp_expression PASSED [ 71%]
tests/dune_winder/test_plc_rung_transform.py::PlcRungTransformTests::test_transform_text_preserves_parentheses_in_cpt_expression PASSED [ 71%]
tests/dune_winder/test_plc_rung_transform.py::PlcRungTransformTests::test_transform_text_preserves_variable_array_indexes PASSED [ 71%]
tests/dune_winder/test_plc_rung_transform.py::PlcRungTransformTests::test_transform_text_quotes_and_normalizes_cmp_expression_spacing PASSED [ 72%]
tests/dune_winder/test_plc_rung_transform.py::PlcRungTransformTests::test_transform_text_quotes_command_arguments_that_contain_spaces PASSED [ 72%]
tests/dune_winder/test_plc_rung_transform.py::PlcRungTransformTests::test_transform_text_splits_bracket_lists_only_on_top_level_commas PASSED [ 72%]
tests/dune_winder/test_plc_rung_transform.py::PlcRungTransformTests::test_transform_text_supports_nested_bracketed_conditions PASSED [ 72%]
tests/dune_winder/test_plc_speed_capping.py::PLCSpeedCappingTests::test_asymmetric_limits_tighter_axis_governs PASSED [ 72%]
tests/dune_winder/test_plc_speed_capping.py::PLCSpeedCappingTests::test_horizontal_line_write_back_called_with_capped_speed PASSED [ 72%]
tests/dune_winder/test_plc_speed_capping.py::PLCSpeedCappingTests::test_multiple_segments_each_illegal_one_written_back PASSED [ 73%]
tests/dune_winder/test_plc_speed_capping.py::PLCSpeedCappingTests::test_no_limits_no_write_back_session_completes PASSED [ 73%]
tests/dune_winder/test_plc_speed_capping.py::PLCSpeedCappingTests::test_session_completes_after_arc_cap PASSED [ 73%]
tests/dune_winder/test_plc_speed_capping.py::PLCSpeedCappingTests::test_session_completes_after_horizontal_cap PASSED [ 73%]
tests/dune_winder/test_plc_speed_capping.py::PLCSpeedCappingTests::test_speed_within_limit_no_write_back PASSED [ 73%]
tests/dune_winder/test_plc_speed_capping.py::PLCSpeedCappingTests::test_vertical_line_write_back_called_with_capped_speed PASSED [ 73%]
tests/dune_winder/test_plc_tag_values_export.py::PlcTagValuesExportTests::test_apply_tag_values_to_controller_payload_adds_value_fields PASSED [ 74%]
tests/dune_winder/test_plc_tag_values_export.py::PlcTagValuesExportTests::test_fetch_and_write_tag_values_uses_default_driver_initialization PASSED [ 74%]
tests/dune_winder/test_plc_tag_values_export.py::PlcTagValuesExportTests::test_iter_plc_json_files_finds_controller_and_program_files PASSED [ 74%]
tests/dune_winder/test_plc_tag_values_export.py::PlcTagValuesExportTests::test_make_json_safe_converts_nested_values PASSED [ 74%]
tests/dune_winder/test_plc_tag_values_export.py::PlcTagValuesExportTests::test_read_tag_value_with_fallback_reads_udt_array_members PASSED [ 74%]
tests/dune_winder/test_plc_tag_values_export.py::PlcTagValuesExportTests::test_read_tag_value_with_fallback_reads_udt_members PASSED [ 74%]
tests/dune_winder/test_plc_tag_values_export.py::PlcTagValuesExportTests::test_read_tag_value_with_fallback_skips_padding_and_dead_zone_members PASSED [ 75%]
tests/dune_winder/test_plc_tag_values_export.py::PlcTagValuesExportTests::test_should_skip_udt_field_filters_padding_and_dead_zone_names PASSED [ 75%]
tests/dune_winder/test_primary_thread.py::PrimaryThreadTests::test_run_logs_when_body_returns_while_running PASSED [ 75%]
tests/dune_winder/test_primary_thread.py::PrimaryThreadTests::test_stop_all_threads_records_reason_and_details PASSED [ 75%]
tests/dune_winder/test_process.py::ProcessSnapshotTests::test_gcode_reload_rejects_line_count_changes PASSED [ 75%]
tests/dune_winder/test_process.py::ProcessSnapshotTests::test_get_ui_snapshot_collects_axes_inputs_and_head_state PASSED [ 75%]
tests/dune_winder/test_process.py::ProcessSnapshotTests::test_get_ui_snapshot_uses_zero_angle_when_io_not_functional PASSED [ 76%]
tests/dune_winder/test_process.py::ProcessSnapshotTests::test_refresh_before_execution_checks_recipe_then_calibration PASSED [ 76%]
tests/dune_winder/test_process.py::ProcessSnapshotTests::test_refresh_before_execution_returns_actionable_missing_calibration_message PASSED [ 76%]
tests/dune_winder/test_process.py::ProcessSnapshotTests::test_refresh_before_execution_returns_actionable_missing_recipe_message PASSED [ 76%]
tests/dune_winder/test_process.py::ProcessSnapshotTests::test_refresh_before_execution_returns_error_when_recipe_line_count_changes PASSED [ 76%]
tests/dune_winder/test_process.py::ProcessSnapshotTests::test_refresh_before_execution_returns_error_when_recipe_refresh_fails PASSED [ 76%]
tests/dune_winder/test_process.py::ProcessManualGCodeTests::test_execute_manual_gcode_accepts_feed_before_z_move PASSED [ 77%]
tests/dune_winder/test_process.py::ProcessManualGCodeTests::test_execute_manual_gcode_accepts_feed_only_without_movement PASSED [ 77%]
tests/dune_winder/test_process.py::ProcessManualGCodeTests::test_execute_manual_gcode_accepts_four_digit_feed PASSED [ 77%]
tests/dune_winder/test_process.py::ProcessManualGCodeTests::test_execute_manual_gcode_accepts_x_only_and_keeps_current_y PASSED [ 77%]
tests/dune_winder/test_process.py::ProcessManualGCodeTests::test_execute_manual_gcode_accepts_xz_move PASSED [ 77%]
tests/dune_winder/test_process.py::ProcessManualGCodeTests::test_execute_manual_gcode_accepts_y_only_and_keeps_current_x PASSED [ 77%]
tests/dune_winder/test_process.py::ProcessManualGCodeTests::test_execute_manual_gcode_accepts_z_move_with_feed PASSED [ 78%]
tests/dune_winder/test_process.py::ProcessManualGCodeTests::test_execute_manual_gcode_rejects_feed_above_max_velocity PASSED [ 78%]
tests/dune_winder/test_process.py::ProcessManualGCodeTests::test_execute_manual_gcode_rejects_pivot_keepout_crossing PASSED [ 78%]
tests/dune_winder/test_process.py::ProcessManualGCodeTests::test_execute_manual_gcode_reports_specific_blockers_when_not_ready PASSED [ 78%]
tests/dune_winder/test_process.py::ProcessManualGCodeTests::test_execute_manual_gcode_uses_effective_x_for_y_only_move PASSED [ 78%]
tests/dune_winder/test_process.py::ProcessManualGCodeTests::test_get_real_x_position_uses_backlash_compensated_x PASSED [ 79%]
tests/dune_winder/test_process.py::ProcessManualGCodeTests::test_manual_seek_xy_accepts_safe_target PASSED [ 79%]
tests/dune_winder/test_process.py::ProcessManualGCodeTests::test_manual_seek_xy_rejects_out_of_bounds_target PASSED [ 79%]
tests/dune_winder/test_process.py::ProcessManualGCodeTests::test_manual_seek_xy_rejects_pivot_keepout_crossing PASSED [ 79%]
tests/dune_winder/test_process.py::ProcessManualGCodeTests::test_manual_seek_xy_reversal_uses_unbiased_raw_target PASSED [ 79%]
tests/dune_winder/test_process.py::ProcessManualGCodeTests::test_manual_seek_xy_skips_sub_resolution_noop_without_entering_manual_mode PASSED [ 79%]
tests/dune_winder/test_process.py::MotionServiceTests::test_recover_eot_returns_control_state_machine_to_stop_mode PASSED [ 80%]
tests/dune_winder/test_queued_motion.py::QueuedMotionTests::test_cancelled_queued_preview_stops_before_execution PASSED [ 80%]
tests/dune_winder/test_queued_motion.py::QueuedMotionTests::test_continued_queued_preview_starts_motion_on_next_poll PASSED [ 80%]
tests/dune_winder/test_queued_motion.py::QueuedMotionTests::test_execute_manual_feed_only_does_not_stage_loaded_program_line PASSED [ 80%]
tests/dune_winder/test_queued_motion.py::QueuedMotionTests::test_execute_manual_line_does_not_run_stale_pending_xy_action PASSED [ 80%]
tests/dune_winder/test_queued_motion.py::QueuedMotionTests::test_execute_manual_line_rejects_xz_move_when_y_transfer_not_ok PASSED [ 80%]
tests/dune_winder/test_queued_motion.py::QueuedMotionTests::test_execute_manual_line_routes_xz_move_through_plc_logic PASSED [ 81%]
tests/dune_winder/test_queued_motion.py::QueuedMotionTests::test_execute_manual_z_line_clears_stale_head_error_before_dispatch PASSED [ 81%]
tests/dune_winder/test_queued_motion.py::QueuedMotionTests::test_gcode_builder_allows_head_transfer_motion_when_supports_clear PASSED [ 81%]
tests/dune_winder/test_queued_motion.py::QueuedMotionTests::test_gcode_builder_defaults_queued_motion_jerk_to_separate_physical_limits PASSED [ 81%]
tests/dune_winder/test_queued_motion.py::QueuedMotionTests::test_gcode_builder_keeps_single_merge_line_as_queued_block PASSED [ 81%]
tests/dune_winder/test_queued_motion.py::QueuedMotionTests::test_gcode_builder_legacy_configured_queued_motion_jerk_sets_both_limits PASSED [ 81%]
tests/dune_winder/test_queued_motion.py::QueuedMotionTests::test_gcode_builder_rejects_central_apa_motion_when_z_extended PASSED [ 82%]
tests/dune_winder/test_queued_motion.py::QueuedMotionTests::test_gcode_builder_rejects_locked_head_support_window PASSED [ 82%]
tests/dune_winder/test_queued_motion.py::QueuedMotionTests::test_gcode_builder_uses_configured_separate_queued_motion_jerk_limits PASSED [ 82%]
tests/dune_winder/test_queued_motion.py::QueuedMotionTests::test_gcode_builder_uses_live_plc_accel_and_decel_limits_for_queued_segments PASSED [ 82%]
tests/dune_winder/test_queued_motion.py::QueuedMotionTests::test_motion_queue_client_rejects_unsafe_segment_and_accepts_transfer_zone_segment PASSED [ 82%]
tests/dune_winder/test_queued_motion.py::QueuedMotionTests::test_motion_queue_reset_clears_latched_stop_request PASSED [ 82%]
tests/dune_winder/test_queued_motion.py::QueuedMotionTests::test_set_queued_motion_use_max_speed_refreshes_pending_preview_speed PASSED [ 83%]
tests/dune_winder/test_queued_motion.py::QueuedMotionTests::test_single_segment_session_runs_to_idle PASSED [ 83%]
tests/dune_winder/test_queued_motion.py::QueuedMotionTests::test_single_step_g113_executes_queue_and_stops_before_next_line PASSED [ 83%]
tests/dune_winder/test_queued_motion.py::QueuedMotionTests::test_single_step_g113_queues_first_planned_segment_with_full_stop PASSED [ 83%]
tests/dune_winder/test_queued_motion.py::QueuedMotionTests::test_start_queued_block_creates_preview_pending_confirmation PASSED [ 83%]
tests/dune_winder/test_queued_motion.py::QueuedMotionTests::test_start_queued_block_falls_back_when_queue_planner_rejects_path PASSED [ 83%]
tests/dune_winder/test_queued_motion.py::QueuedMotionTests::test_stop_requests_latched_queue_stop_instead_of_pulsing_abort PASSED [ 84%]
tests/dune_winder/test_queued_motion.py::QueuedMotionTests::test_sub_resolution_xy_move_is_treated_as_noop PASSED [ 84%]
tests/dune_winder/test_queued_motion.py::QueuedMotionTests::test_validate_queue_segment_rejects_nonpositive_jerk 
tests/dune_winder/test_queued_motion.py::QueuedMotionTests::test_validate_queue_segment_rejects_nonpositive_jerk PASSED [ 84%]
tests/dune_winder/test_recipe.py::RecipeTests::test_missing_heading_uses_filename_and_preserves_gcode PASSED [ 84%]
tests/dune_winder/test_recipe.py::RecipeTests::test_write_generated_file_writes_hash_header_and_round_trips_without_mutation PASSED [ 84%]
tests/dune_winder/test_recipe_period_detection.py::RecipePeriodDetectionTests::test_detected_period_finds_repeated_body_with_header_and_footer PASSED [ 84%]
tests/dune_winder/test_recipe_period_detection.py::RecipePeriodDetectionTests::test_detected_period_prefers_wrap_start_spacing_when_wrap_comments_exist PASSED [ 85%]
tests/dune_winder/test_recipe_period_detection.py::RecipePeriodDetectionTests::test_detected_period_returns_none_when_no_repeating_body_exists PASSED [ 85%]
tests/dune_winder/test_recipe_period_detection.py::RecipePeriodDetectionTests::test_detected_period_supports_legacy_wrap_comments PASSED [ 85%]
tests/dune_winder/test_recipe_period_detection.py::ProcessRecipePeriodTests::test_get_recipe_period_proxies_to_loaded_workspace PASSED [ 85%]
tests/dune_winder/test_recipe_period_detection.py::ProcessRecipePeriodTests::test_get_recipe_period_returns_none_without_loaded_workspace PASSED [ 85%]
tests/dune_winder/test_recipe_template_language.py::RecipeTemplateLanguageTests::test_compile_template_script_rejects_unknown_statements PASSED [ 86%]
tests/dune_winder/test_recipe_template_language.py::RecipeTemplateLanguageTests::test_execute_template_script_emits_conditionals_and_transfers PASSED [ 86%]
tests/dune_winder/test_recipe_template_language.py::RecipeTemplateLanguageTests::test_execute_template_script_supports_emit_head_restart PASSED [ 86%]
tests/dune_winder/test_recipe_template_language.py::RecipeTemplateLanguageTests::test_render_template_text_interpolates_and_normalizes_whitespace PASSED [ 86%]
tests/dune_winder/test_sim_plc_commands.py::SimPlcCommandTests::test_sim_commands_require_sim_mode PASSED [ 86%]
tests/dune_winder/test_sim_plc_commands.py::SimPlcCommandTests::test_sim_commands_work_when_sim_backend_is_active PASSED [ 86%]
tests/dune_winder/test_simulated_plc.py::SimulatedPlcBehaviorTests::test_camera_fifo_stays_empty_without_explicit_writes PASSED [ 87%]
tests/dune_winder/test_simulated_plc.py::SimulatedPlcBehaviorTests::test_derived_machine_bits_support_override_precedence PASSED [ 87%]
tests/dune_winder/test_simulated_plc.py::SimulatedPlcBehaviorTests::test_eot_state_request_enters_eot_state PASSED [ 87%]
tests/dune_winder/test_simulated_plc.py::SimulatedPlcBehaviorTests::test_gui_latch_pulse_advances_latch_and_auto_clears PASSED [ 87%]
tests/dune_winder/test_simulated_plc.py::SimulatedPlcBehaviorTests::test_hmi_stop_request_enters_stop_state_and_clears_queue PASSED [ 87%]
tests/dune_winder/test_simulated_plc.py::SimulatedPlcBehaviorTests::test_latch_move_sets_busy_then_updates_actuator_and_head PASSED [ 87%]
tests/dune_winder/test_simulated_plc.py::SimulatedPlcBehaviorTests::test_limit_violations_set_error_and_reset_clears PASSED [ 88%]
tests/dune_winder/test_simulated_plc.py::SimulatedPlcBehaviorTests::test_queue_stop_request_aborts_queue_and_stays_latched_until_cleared PASSED [ 88%]
tests/dune_winder/test_simulated_plc.py::SimulatedPlcBehaviorTests::test_startup_is_ready_and_stage_side PASSED [ 88%]
tests/dune_winder/test_simulated_plc.py::SimulatedPlcBehaviorTests::test_xy_seek_uses_one_cycle_settle_model PASSED [ 88%]
tests/dune_winder/test_simulated_plc.py::SimulatedPlcBehaviorTests::test_xz_state_request_sets_error_when_y_transfer_not_ok PASSED [ 88%]
tests/dune_winder/test_simulated_plc.py::SimulatedPlcBehaviorTests::test_xz_state_request_updates_x_and_z_when_y_transfer_ok PASSED [ 88%]
tests/dune_winder/test_state_machine_dispatch.py::StateMachineDispatchTests::test_control_state_machine_motion_check_is_not_tautology PASSED [ 89%]
tests/dune_winder/test_state_machine_dispatch.py::StateMachineDispatchTests::test_control_states_are_enum_members PASSED [ 89%]
tests/dune_winder/test_state_machine_dispatch.py::StateMachineDispatchTests::test_dispatch_returns_false_for_unhandled_event PASSED [ 89%]
tests/dune_winder/test_state_machine_dispatch.py::StateMachineDispatchTests::test_dispatch_routes_to_active_state_handle PASSED [ 89%]
tests/dune_winder/test_sync_monoroutine_tag_values.py::SyncMonoroutineTagValuesTests::test_monoroutine_source_resolution_is_unambiguous_for_current_export FAILED [ 89%]
tests/dune_winder/test_sync_monoroutine_tag_values.py::SyncMonoroutineTagValuesTests::test_program_scoped_fqn_uses_target_program_name PASSED [ 89%]
tests/dune_winder/test_template_recipe_persistence.py::TemplateRecipePersistenceTests::test_u_and_v_drafts_use_separate_files PASSED [ 90%]
tests/dune_winder/test_template_recipe_persistence.py::TemplateRecipePersistenceTests::test_u_recipe_draft_persists_after_service_restart PASSED [ 90%]
tests/dune_winder/test_template_recipe_persistence.py::TemplateRecipePersistenceTests::test_u_recipe_generation_is_allowed_while_machine_is_busy PASSED [ 90%]
tests/dune_winder/test_template_recipe_persistence.py::TemplateRecipePersistenceTests::test_v_recipe_draft_persists_after_service_restart PASSED [ 90%]
tests/dune_winder/test_template_recipe_persistence.py::TemplateRecipePersistenceTests::test_v_recipe_generation_is_allowed_while_machine_is_busy PASSED [ 90%]
tests/dune_winder/test_u_template_gcode.py::UTemplateGCodeTests::test_add_foot_pauses_appends_g111_only_on_qualifying_lines PASSED [ 90%]
tests/dune_winder/test_u_template_gcode.py::UTemplateGCodeTests::test_add_foot_pauses_is_reported_in_recipe_metadata PASSED [ 91%]
tests/dune_winder/test_u_template_gcode.py::UTemplateGCodeTests::test_cached_reader_is_now_the_programmatic_default PASSED [ 91%]
tests/dune_winder/test_u_template_gcode.py::UTemplateGCodeTests::test_default_render_matches_expected_spec_edges PASSED [ 91%]
tests/dune_winder/test_u_template_gcode.py::UTemplateGCodeTests::test_named_input_snapshot_and_file_writers PASSED [ 91%]
tests/dune_winder/test_u_template_gcode.py::UTemplateGCodeTests::test_named_inputs_and_special_aliases_remain_usable PASSED [ 91%]
tests/dune_winder/test_u_template_gcode.py::UTemplateGCodeTests::test_offset_vector_maps_to_all_twelve_adjustment_sites PASSED [ 91%]
tests/dune_winder/test_u_template_gcode.py::UTemplateGCodeTests::test_pb_pf_tokens_wrap_back_into_valid_pin_range PASSED [ 92%]
tests/dune_winder/test_u_template_gcode.py::UTemplateGCodeTests::test_pull_in_overrides_update_generated_motion PASSED [ 92%]
tests/dune_winder/test_u_template_gcode.py::UTemplateGCodeTests::test_transfer_pause_adds_all_optional_pause_lines PASSED [ 92%]
tests/dune_winder/test_v_template_gcode.py::VTemplateGCodeTests::test_add_foot_pauses_appends_g111_only_on_qualifying_lines PASSED [ 92%]
tests/dune_winder/test_v_template_gcode.py::VTemplateGCodeTests::test_add_foot_pauses_is_reported_in_recipe_metadata PASSED [ 92%]
tests/dune_winder/test_v_template_gcode.py::VTemplateGCodeTests::test_cached_reader_is_now_the_programmatic_default PASSED [ 93%]
tests/dune_winder/test_v_template_gcode.py::VTemplateGCodeTests::test_default_render_matches_expected_spec_edges FAILED [ 93%]
tests/dune_winder/test_v_template_gcode.py::VTemplateGCodeTests::test_named_input_snapshot_and_file_writers PASSED [ 93%]
tests/dune_winder/test_v_template_gcode.py::VTemplateGCodeTests::test_named_inputs_and_special_aliases_remain_usable PASSED [ 93%]
tests/dune_winder/test_v_template_gcode.py::VTemplateGCodeTests::test_offset_vector_maps_to_all_twelve_adjustment_sites PASSED [ 93%]
tests/dune_winder/test_v_template_gcode.py::VTemplateGCodeTests::test_pb_pf_tokens_wrap_back_into_valid_pin_range PASSED [ 93%]
tests/dune_winder/test_v_template_gcode.py::VTemplateGCodeTests::test_pull_in_overrides_update_generated_motion PASSED [ 94%]
tests/dune_winder/test_v_template_gcode.py::VTemplateGCodeTests::test_transfer_pause_adds_all_optional_pause_lines PASSED [ 94%]
tests/dune_winder/test_vscode_rll_syntax.py::VSCodeRllSyntaxTests::test_extension_declares_plc_rll_language PASSED [ 94%]
tests/dune_winder/test_vscode_rll_syntax.py::VSCodeRllSyntaxTests::test_grammar_covers_all_supported_parser_opcodes FAILED [ 94%]
tests/dune_winder/test_waypoint_path.py::WaypointPathTests::test_default_order_mode_preserves_input_order PASSED [ 94%]
tests/dune_winder/test_waypoint_path.py::WaypointPathTests::test_waypoint_path_falls_back_to_stop_lines_when_fillets_are_impossible PASSED [ 94%]
tests/dune_winder/test_waypoint_path.py::WaypointPathTests::test_waypoint_path_uses_filleted_polygon_as_default PASSED [ 95%]
tests/dune_winder/test_web_api_v2.py::WebApiV2Tests::test_batch_endpoint_returns_per_request_results PASSED [ 95%]
tests/dune_winder/test_web_api_v2.py::WebApiV2Tests::test_command_endpoint_returns_json_envelope PASSED [ 95%]
tests/dune_winder/test_web_api_v2.py::WebApiV2Tests::test_command_response_serializes_datetime_data PASSED [ 95%]
tests/dune_winder/test_web_api_v2.py::WebApiV2Tests::test_post_to_unsupported_path_returns_json_error PASSED [ 95%]
tests/dune_winder/test_web_api_v2.py::WebApiV2Tests::test_unknown_command_returns_error_payload PASSED [ 95%]
tests/dune_winder/test_wrap_seek.py::WrapSeekTests::test_get_wrap_seek_line_prefers_latest_prior_head_restart_marker FAILED [ 96%]
tests/dune_winder/test_wrap_seek.py::WrapSeekTests::test_get_wrap_seek_line_rejects_invalid_wrap_numbers PASSED [ 96%]
tests/dune_winder/test_wrap_seek.py::WrapSeekTests::test_get_wrap_seek_line_returns_none_when_wrap_start_marker_is_missing FAILED [ 96%]
tests/dune_winder/test_wrap_seek.py::WrapSeekTests::test_get_wrap_seek_line_starts_first_wrap_at_beginning_even_with_restart_marker FAILED [ 96%]
tests/dune_winder/test_wrap_seek.py::WrapSeekTests::test_get_wrap_seek_line_uses_latest_prior_head_restart_before_wrap_start FAILED [ 96%]
tests/dune_winder/test_wrap_seek.py::ProcessWrapSeekTests::test_get_wrap_seek_line_proxies_to_loaded_workspace PASSED [ 96%]
tests/dune_winder/test_wrap_seek.py::ProcessWrapSeekTests::test_get_wrap_seek_line_returns_none_without_loaded_workspace PASSED [ 97%]
tests/dune_winder/test_x_backlash_compensation.py::XBacklashCompensationTests::test_positive_direction_applies_backlash_bias PASSED [ 97%]
tests/dune_winder/test_x_backlash_compensation.py::XBacklashCompensationTests::test_reset_clears_direction_bias PASSED [ 97%]
tests/dune_winder/test_x_backlash_compensation.py::XBacklashCompensationTests::test_reversal_to_negative_removes_positive_bias PASSED [ 97%]
tests/dune_winder/test_x_backlash_compensation.py::XBacklashCompensationTests::test_zero_backlash_is_noop PASSED [ 97%]
tests/dune_winder/test_xg_template_gcode.py::XGTemplateGCodeTests::test_render_g_layer_uses_481_wraps_and_optional_transfer_pause PASSED [ 97%]
tests/dune_winder/test_xg_template_gcode.py::XGTemplateGCodeTests::test_render_x_layer_matches_programmatic_description PASSED [ 98%]
tests/dune_winder/test_xg_template_gcode.py::XGTemplateGCodeTests::test_write_xg_template_file_accepts_snake_case_aliases PASSED [ 98%]
tests/dune_winder/test_xg_template_gcode.py::XGTemplateGCodeTests::test_write_xg_template_file_writes_recipe_header_and_body PASSED [ 98%]
tests/dune_winder/test_z_move_paths.py::ZMovePathTests::test_z_jog_has_no_motion_path_and_never_moves PASSED [ 98%]
tests/dune_winder/test_z_move_paths.py::ZMovePathTests::test_z_seek_enables_axis_and_completes_motion PASSED [ 98%]
tests/dune_winder/test_z_move_paths.py::ZMovePathTests::test_z_seek_errors_when_master_z_go_is_blocked PASSED [ 98%]
tests/dune_winder/test_z_move_paths.py::ZMovePathTests::test_z_seek_finishes_even_if_gate_drops_after_start PASSED [ 99%]
tests/dune_winder/test_z_move_paths.py::ZMovePathTests::test_z_seek_reaches_target_and_returns_ready PASSED [ 99%]
tests/dune_winder/test_z_move_paths.py::ZMovePathTests::test_z_seek_stalls_when_tension_gate_never_opens PASSED [ 99%]
tests/dune_winder/test_z_move_paths.py::ControlStateMachineZMoveTests::test_manual_mode_returns_to_stop_after_successful_z_seek PASSED [ 99%]
tests/dune_winder/test_z_move_paths.py::ControlStateMachineZMoveTests::test_manual_mode_stays_manual_when_z_seek_stalls_in_state_5 PASSED [ 99%]
tests/dune_winder/test_z_move_paths.py::ControlStateMachineZMoveTests::test_manual_z_seek_clears_stale_head_error_and_returns_to_stop PASSED [100%]

=================================== FAILURES ===================================
_____________ test_create_tensiometer_uses_context_runtime_bundle ______________

monkeypatch = <_pytest.monkeypatch.MonkeyPatch object at 0x11affb6b0>

    def test_create_tensiometer_uses_context_runtime_bundle(monkeypatch):
        actions = _load_actions_module(monkeypatch)
    
        build_calls = []
    
        monkeypatch.setitem(
            sys.modules,
            "dune_tension.tensiometer",
            types.SimpleNamespace(
                build_tensiometer=lambda **kwargs: build_calls.append(kwargs) or kwargs,
                Tensiometer=object,
            ),
        )
    
        runtime = object()
        servo_controller = types.SimpleNamespace(
            focus_position=4100,
            nudge_focus=lambda _delta: None,
        )
        ctx = types.SimpleNamespace(
            runtime=runtime,
            stop_event=threading.Event(),
            strum=lambda: None,
            servo_controller=servo_controller,
            widgets=types.SimpleNamespace(),
        )
        inputs = types.SimpleNamespace(
            apa_name="APA",
            layer="X",
            side="A",
            flipped=False,
            a_taped=False,
            b_taped=False,
            samples=2,
            confidence=0.9,
            confidence_source="Signal Amplitude",
            record_duration=0.5,
            measuring_duration=5.0,
            wiggle_y_sigma_mm=0.4,
            focus_wiggle_sigma_quarter_us=50.0,
            use_manual_focus=True,
            plot_audio=True,
        )
    
        actions.create_tensiometer(ctx, inputs)
    
        assert len(build_calls) == 1
        assert build_calls[0]["confidence_source"] == "signal_amplitude"
        assert build_calls[0]["runtime_bundle"] is runtime
        assert build_calls[0]["use_manual_focus"] is True
>       assert build_calls[0]["manual_focus_target"] == 4100
E       assert None == 4100

tests/dune_tension/test_gui_actions.py:172: AssertionError
_______________ test_save_state_accepts_float_like_focus_slider ________________

monkeypatch = <_pytest.monkeypatch.MonkeyPatch object at 0x11b0cbbd0>
tmp_path = PosixPath('/private/var/folders/fr/60vrnwfn6mz9p_5638pxxtx80000gn/T/pytest-of-ben/pytest-16/test_save_state_accepts_float_0')

    def test_save_state_accepts_float_like_focus_slider(monkeypatch, tmp_path):
        state = _load_state_module(monkeypatch)
        ctx = types.SimpleNamespace(
            widgets=_build_widgets("4807.0"),
            state_file=str(tmp_path / "gui_state.json"),
        )
    
>       state.save_state(ctx)

tests/dune_tension/test_gui_state.py:113: 
_ _ _ _ _ _ _ _ _ _ _ _ _ _ _ _ _ _ _ _ _ _ _ _ _ _ _ _ _ _ _ _ _ _ _ _ _ _ _ _ 

ctx = namespace(widgets=namespace(entry_apa=<test_gui_state._FakeEntry object at 0x11b0d3380>, measurement_mode_var=<test_gu...ar/folders/fr/60vrnwfn6mz9p_5638pxxtx80000gn/T/pytest-of-ben/pytest-16/test_save_state_accepts_float_0/gui_state.json')

    def save_state(ctx: GUIContext) -> None:
        """Serialize the current GUI selections to ``ctx.state_file``."""
    
        w = ctx.widgets
        try:
            conf = float(w.entry_confidence.get())
        except ValueError:
            conf = 0.5
        try:
            times_sigma = float(w.entry_times_sigma.get())
        except ValueError:
            times_sigma = 2.0
    
        state = _PersistedState(
            apa_name=w.entry_apa.get(),
            measurement_mode=w.measurement_mode_var.get(),
            layer=w.layer_var.get(),
            side=w.side_var.get(),
            flipped=bool(w.flipped_var.get()),
            a_taped=bool(w.a_taped_var.get()),
            b_taped=bool(w.b_taped_var.get()),
            wire_number=w.entry_wire.get(),
            wire_list=w.entry_wire_list.get(),
            confidence_threshold=conf,
            confidence_source=str(w.confidence_source_var.get()),
            plot_audio=bool(w.plot_audio_var.get()),
            skip_measured=bool(w.skip_measured_var.get()),
            focus_target=_safe_int(w.focus_slider.get(), 4000),
            condition=w.entry_condition.get(),
            times_sigma=times_sigma,
            set_tension=w.entry_set_tension.get(),
            record_duration=w.entry_record_duration.get(),
            measuring_duration=w.entry_measuring_duration.get(),
[...]

src/dune_winder/plc_ladder/runtime.py:884: AttributeError
_ SyncMonoroutineTagValuesTests.test_monoroutine_source_resolution_is_unambiguous_for_current_export _

self = <test_sync_monoroutine_tag_values.SyncMonoroutineTagValuesTests testMethod=test_monoroutine_source_resolution_is_unambiguous_for_current_export>

    def test_monoroutine_source_resolution_is_unambiguous_for_current_export(self):
      resolutions, context = _resolve_monoroutine_sources(PLC_ROOT)
    
      self.assertEqual(context["summary"]["ambiguous"], 0)
>     self.assertEqual(context["summary"]["unmatched"], 0)
E     AssertionError: 62 != 0

tests/dune_winder/test_sync_monoroutine_tag_values.py:21: AssertionError
_____ VTemplateGCodeTests.test_default_render_matches_expected_spec_edges ______

self = <test_v_template_gcode.VTemplateGCodeTests testMethod=test_default_render_matches_expected_spec_edges>

    def test_default_render_matches_expected_spec_edges(self):
      lines = render_v_template_text_lines()
    
      self.assertEqual(len(lines), DEFAULT_V_TEMPLATE_ROW_COUNT)
>     self.assertEqual(
        lines[:5],
        [
          "N0 ( V Layer )",
          "N1 " + self.MERGE + "(HEAD RESTART) X440 Y0",
          "N2 G206 P3",
          "N3 " + self.MERGE + "(0, ) F1000 G103 PB400 PB399 PXY G105 PY30",
          "N4 (1,1) (------------------STARTING LOOP 1------------------)",
        ],
      )
E     AssertionError: Lists differ: ['N0 [126 chars] PY30 (board gap)', 'N4 (1,1) (---------------[34 chars]--)'] != ['N0 [126 chars] PY30', 'N4 (1,1) (------------------STARTING [22 chars]--)']
E     
E     First differing element 3:
E     'N3 G113 PPRECISE (0, ) F1000 G103 PB400 PB399 PXY G105 PY30 (board gap)'
E     'N3 G113 PPRECISE (0, ) F1000 G103 PB400 PB399 PXY G105 PY30'
E     
E       ['N0 ( V Layer )',
E        'N1 G113 PPRECISE (HEAD RESTART) X440 Y0',
E        'N2 G206 P3',
E     -  'N3 G113 PPRECISE (0, ) F1000 G103 PB400 PB399 PXY G105 PY30 (board gap)',
E     ?                                                              ------------
E     
E     +  'N3 G113 PPRECISE (0, ) F1000 G103 PB400 PB399 PXY G105 PY30',
E        'N4 (1,1) (------------------STARTING LOOP 1------------------)']

tests/dune_winder/test_v_template_gcode.py:40: AssertionError
____ VSCodeRllSyntaxTests.test_grammar_covers_all_supported_parser_opcodes _____

self = <test_vscode_rll_syntax.VSCodeRllSyntaxTests testMethod=test_grammar_covers_all_supported_parser_opcodes>

    def test_grammar_covers_all_supported_parser_opcodes(self):
      grammar = json.loads(
        (EXTENSION_ROOT / "syntaxes" / "plc-rll.tmGrammar.json").read_text(encoding="utf-8")
      )
    
      opcode_patterns = [
        pattern["match"]
        for group_name in ("branchOpcodes", "instructions")
        for pattern in grammar["repository"][group_name]["patterns"]
      ]
    
      missing = sorted(
        opcode
        for opcode in OPERAND_COUNTS
        if not any(re.search(pattern, opcode) for pattern in opcode_patterns)
      )
    
>     self.assertEqual(missing, [])
E     AssertionError: Lists differ: ['MAJ', 'MRP'] != []
E     
E     First list contains 2 additional elements.
E     First extra element 0:
E     'MAJ'
E     
E     - ['MAJ', 'MRP']
E     + []

tests/dune_winder/test_vscode_rll_syntax.py:38: AssertionError
_ WrapSeekTests.test_get_wrap_seek_line_prefers_latest_prior_head_restart_marker _

self = <test_wrap_seek.WrapSeekTests testMethod=test_get_wrap_seek_line_prefers_latest_prior_head_restart_marker>

    def test_get_wrap_seek_line_prefers_latest_prior_head_restart_marker(self):
      lines = [
        "N1 preamble\n",
        "N2 (1,1) start wrap 1\n",
        "N3 (1,2 HEAD RESTART) early restart\n",
        "N4 (1,3) move\n",
        "N5 (HEAD RESTART) later restart\n",
        "N6 (2,1) start wrap 2\n",
      ]
    
      workspace = object.__new__(WinderWorkspace)
      workspace._recipe = FakeRecipe(30, lines)
    
>     self.assertEqual(workspace.getWrapSeekLine(2), 3)
                       ^^^^^^^^^^^^^^^^^^^^^^^^^^^^

tests/dune_winder/test_wrap_seek.py:59: 
_ _ _ _ _ _ _ _ _ _ _ _ _ _ _ _ _ _ _ _ _ _ _ _ _ _ _ _ _ _ _ _ _ _ _ _ _ _ _ _ 

self = <dune_winder.core.winder_workspace.WinderWorkspace object at 0x114b36ad0>
wrap = 2

    def getWrapSeekLine(self, wrap):
      if self._recipe is None:
        return None
    
      try:
        wrap = int(wrap)
      except (TypeError, ValueError):
        return None
    
      if wrap < 1:
        return None
    
      lines = self._recipe.getLines()
      if len(lines) == 0:
        return None
    
>     if self._layer in ("U", "V"):
         ^^^^^^^^^^^
E     AttributeError: 'WinderWorkspace' object has no attribute '_layer'

src/dune_winder/core/winder_workspace.py:408: AttributeError
_ WrapSeekTests.test_get_wrap_seek_line_returns_none_when_wrap_start_marker_is_missing _

self = <test_wrap_seek.WrapSeekTests testMethod=test_get_wrap_seek_line_returns_none_when_wrap_start_marker_is_missing>

    def test_get_wrap_seek_line_returns_none_when_wrap_start_marker_is_missing(self):
      workspace = object.__new__(WinderWorkspace)
      workspace._recipe = FakeRecipe(
        46,
        [
          "N1 preamble\n",
          "N2 (1,1) start wrap 1\n",
          "N3 (HEAD RESTART)\n",
          "N4 (1,2) move\n",
        ],
      )
    
>     self.assertIsNone(workspace.getWrapSeekLine(2))
                        ^^^^^^^^^^^^^^^^^^^^^^^^^^^^

tests/dune_winder/test_wrap_seek.py:94: 
_ _ _ _ _ _ _ _ _ _ _ _ _ _ _ _ _ _ _ _ _ _ _ _ _ _ _ _ _ _ _ _ _ _ _ _ _ _ _ _ 

self = <dune_winder.core.winder_workspace.WinderWorkspace object at 0x11b063c50>
wrap = 2

    def getWrapSeekLine(self, wrap):
      if self._recipe is None:
        return None
    
      try:
        wrap = int(wrap)
      except (TypeError, ValueError):
        return None
    
      if wrap < 1:
        return None
    
      lines = self._recipe.getLines()
      if len(lines) == 0:
        return None
    
>     if self._layer in ("U", "V"):
         ^^^^^^^^^^^
E     AttributeError: 'WinderWorkspace' object has no attribute '_layer'

src/dune_winder/core/winder_workspace.py:408: AttributeError
_ WrapSeekTests.test_get_wrap_seek_line_starts_first_wrap_at_beginning_even_with_restart_marker _

self = <test_wrap_seek.WrapSeekTests testMethod=test_get_wrap_seek_line_starts_first_wrap_at_beginning_even_with_restart_marker>

    def test_get_wrap_seek_line_starts_first_wrap_at_beginning_even_with_restart_marker(self):
      lines = [
        "N1 preamble\n",
        "N2 (1,1) start wrap 1\n",
        "N3 (1,2) move\n",
        "N4 (HEAD RESTART) later in wrap 1\n",
        "N5 (2,1) start wrap 2\n",
      ]
    
      workspace = object.__new__(WinderWorkspace)
      workspace._recipe = FakeRecipe(9, lines)
    
>     self.assertEqual(workspace.getWrapSeekLine(1), -1)
                       ^^^^^^^^^^^^^^^^^^^^^^^^^^^^

tests/dune_winder/test_wrap_seek.py:73: 
_ _ _ _ _ _ _ _ _ _ _ _ _ _ _ _ _ _ _ _ _ _ _ _ _ _ _ _ _ _ _ _ _ _ _ _ _ _ _ _ 

self = <dune_winder.core.winder_workspace.WinderWorkspace object at 0x11b063d90>
wrap = 1

    def getWrapSeekLine(self, wrap):
      if self._recipe is None:
        return None
    
      try:
        wrap = int(wrap)
      except (TypeError, ValueError):
        return None
    
      if wrap < 1:
        return None
    
      lines = self._recipe.getLines()
      if len(lines) == 0:
        return None
    
>     if self._layer in ("U", "V"):
         ^^^^^^^^^^^
E     AttributeError: 'WinderWorkspace' object has no attribute '_layer'

src/dune_winder/core/winder_workspace.py:408: AttributeError
_ WrapSeekTests.test_get_wrap_seek_line_uses_latest_prior_head_restart_before_wrap_start _

self = <test_wrap_seek.WrapSeekTests testMethod=test_get_wrap_seek_line_uses_latest_prior_head_restart_before_wrap_start>

    def test_get_wrap_seek_line_uses_latest_prior_head_restart_before_wrap_start(self):
      workspace = object.__new__(WinderWorkspace)
      workspace._recipe = FakeRecipe(
        11,
        [
          "N1 setup\n",
          "N2 (1,1) start wrap 1\n",
          "N3 (1,2) move\n",
          "N4 (HEAD RESTART) stable restart\n",
          "N5 (1,4) move\n",
          "N6 (2,1) start wrap 2\n",
        ],
      )
    
>     self.assertEqual(workspace.getWrapSeekLine(2), 2)
                       ^^^^^^^^^^^^^^^^^^^^^^^^^^^^

tests/dune_winder/test_wrap_seek.py:44: 
_ _ _ _ _ _ _ _ _ _ _ _ _ _ _ _ _ _ _ _ _ _ _ _ _ _ _ _ _ _ _ _ _ _ _ _ _ _ _ _ 

self = <dune_winder.core.winder_workspace.WinderWorkspace object at 0x114b36ad0>
wrap = 2

    def getWrapSeekLine(self, wrap):
      if self._recipe is None:
        return None
    
      try:
        wrap = int(wrap)
      except (TypeError, ValueError):
        return None
    
      if wrap < 1:
        return None
    
      lines = self._recipe.getLines()
      if len(lines) == 0:
        return None
    
>     if self._layer in ("U", "V"):
         ^^^^^^^^^^^
E     AttributeError: 'WinderWorkspace' object has no attribute '_layer'

src/dune_winder/core/winder_workspace.py:408: AttributeError
=========================== short test summary info ============================
FAILED tests/dune_tension/test_gui_actions.py::test_create_tensiometer_uses_context_runtime_bundle
FAILED tests/dune_tension/test_gui_state.py::test_save_state_accepts_float_like_focus_slider
FAILED tests/dune_tension/test_gui_state.py::test_load_state_falls_back_for_invalid_focus_target
FAILED tests/dune_winder/test_generate_plc_monoroutine.py::GeneratePlcMonoroutineTests::test_generated_monoroutine_contains_no_jsr_and_unique_program_tags
FAILED tests/dune_winder/test_head.py::HeadControllerTests::test_g206_failure_does_not_leave_head_controller_busy
FAILED tests/dune_winder/test_head.py::HeadControllerTests::test_g206_retries_until_timeout_before_error
FAILED tests/dune_winder/test_hmi_stop_request_generation.py::HMIStopRequestGenerationTests::test_generated_rll_matches_checked_in_pasteable
FAILED tests/dune_winder/test_ladder_simulated_plc.py::LadderSimulatedPlcTests::test_gui_latch_pulse_advances_stub_and_auto_clears
FAILED tests/dune_winder/test_ladder_simulated_plc.py::LadderSimulatedPlcTests::test_hmi_stop_request_interrupts_xy_seek_and_returns_ready
FAILED tests/dune_winder/test_ladder_simulated_plc.py::LadderSimulatedPlcTests::test_latch_stub_cycles_positions_without_stalling_state_machine
FAILED tests/dune_winder/test_ladder_simulated_plc.py::LadderSimulatedPlcTests::test_queue_circle_segment_is_capped_before_start_pulse
FAILED tests/dune_winder/test_ladder_simulated_plc.py::LadderSimulatedPlcTests::test_queue_segment_is_capped_before_start_pulse
FAILED tests/dune_winder/test_ladder_simulated_plc.py::LadderSimulatedPlcTests::test_queue_start_caps_arc_segment_to_axis_component_limits
FAILED tests/dune_winder/test_ladder_simulated_plc.py::LadderSimulatedPlcTests::test_queue_start_caps_diagonal_segment_before_cmd_a_issue
FAILED tests/dune_winder/test_ladder_simulated_plc.py::LadderSimulatedPlcTests::test_queue_start_caps_pending_segment_before_cmd_b_issue
FAILED tests/dune_winder/test_ladder_simulated_plc.py::LadderSimulatedPlcTests::test_xy_seek_move_reaches_target_and_returns_ready
FAILED tests/dune_winder/test_ladder_simulated_plc.py::LadderSimulatedPlcTests::test_xy_seek_move_reaches_target_with_imperative_backend
FAILED tests/dune_winder/test_ladder_simulated_plc.py::LadderSimulatedPlcTests::test_xz_seek_respects_transfer_override
FAILED tests/dune_winder/test_monoroutine_equivalence.py::MonoroutineEquivalenceTests::test_active_seq_advances_with_segment
FAILED tests/dune_winder/test_monoroutine_equivalence.py::MonoroutineEquivalenceTests::test_arc_segment_enqueued_correctly
FAILED tests/dune_winder/test_monoroutine_equivalence.py::MonoroutineEquivalenceTests::test_arc_segment_stream
FAILED tests/dune_winder/test_monoroutine_equivalence.py::MonoroutineEquivalenceTests::test_error_clear_returns_to_ready
FAILED tests/dune_winder/test_monoroutine_equivalence.py::MonoroutineEquivalenceTests::test_four_line_segment_stream
FAILED tests/dune_winder/test_monoroutine_equivalence.py::MonoroutineEquivalenceTests::test_hmi_stop_state_transition
FAILED tests/dune_winder/test_monoroutine_equivalence.py::MonoroutineEquivalenceTests::test_mixed_segment_stream
FAILED tests/dune_winder/test_monoroutine_equivalence.py::MonoroutineEquivalenceTests::test_multiple_segments_queue_count_matches
FAILED tests/dune_winder/test_monoroutine_equivalence.py::MonoroutineEquivalenceTests::test_next_issued_when_two_or_more_queued
FAILED tests/dune_winder/test_monoroutine_equivalence.py::MonoroutineEquivalenceTests::test_queue_abort_clears_state
FAILED tests/dune_winder/test_monoroutine_equivalence.py::MonoroutineEquivalenceTests::test_segment_enqueue_ack_matches
FAILED tests/dune_winder/test_monoroutine_equivalence.py::MonoroutineEquivalenceTests::test_segment_speed_capping_identical
FAILED tests/dune_winder/test_monoroutine_equivalence.py::MonoroutineEquivalenceTests::test_single_line_segment_stream
FAILED tests/dune_winder/test_monoroutine_equivalence.py::MonoroutineEquivalenceTests::test_start_queued_path_activates_cur_issued
FAILED tests/dune_winder/test_monoroutine_equivalence.py::MonoroutineEquivalenceTests::test_xy_seek_from_far
FAILED tests/dune_winder/test_monoroutine_equivalence.py::MonoroutineEquivalenceTests::test_xy_seek_from_mid_range
FAILED tests/dune_winder/test_monoroutine_equivalence.py::MonoroutineEquivalenceTests::test_xy_seek_from_origin
FAILED tests/dune_winder/test_monoroutine_equivalence.py::MonoroutineEquivalenceTests::test_xy_seek_state_transition
FAILED tests/dune_winder/test_plc_ladder_metadata.py::PlcLadderMetadataTests::test_loads_controller_program_tags_and_udts
FAILED tests/dune_winder/test_plc_ladder_metadata.py::PlcLadderMetadataTests::test_program_tags_shadow_controller_tags
FAILED tests/dune_winder/test_plc_ladder_metadata.py::PlcLadderMetadataTests::test_tag_store_seeds_controller_and_program_values
FAILED tests/dune_winder/test_plc_ladder_parser.py::PlcLadderParserTests::test_generates_python_with_rockwell_mnemonics
FAILED tests/dune_winder/test_plc_ladder_parser.py::PlcLadderParserTests::test_imperative_codegen_compiles_for_movez_main
FAILED tests/dune_winder/test_plc_ladder_parser.py::PlcLadderParserTests::test_imperative_codegen_compiles_jump_label_routines
FAILED tests/dune_winder/test_plc_ladder_parser.py::PlcLadderParserTests::test_imperative_codegen_sanitizes_invalid_root_names
SUBFAILED(path=PosixPath('/Users/ben/dune-monorepo/dune_winder/plc/MainProgram/main/pasteable.rll')) tests/dune_winder/test_plc_ladder_parser.py::PlcLadderParserTests::test_parses_all_targeted_acceptance_routines
SUBFAILED(path=PosixPath('/Users/ben/dune-monorepo/dune_winder/plc/Ready_State_1/main/pasteable.rll')) tests/dune_winder/test_plc_ladder_parser.py::PlcLadderParserTests::test_parses_all_targeted_acceptance_routines
SUBFAILED(path=PosixPath('/Users/ben/dune-monorepo/dune_winder/plc/MoveXY_State_2_3/main/pasteable.rll')) tests/dune_winder/test_plc_ladder_parser.py::PlcLadderParserTests::test_parses_all_targeted_acceptance_routines
SUBFAILED(path=PosixPath('/Users/ben/dune-monorepo/dune_winder/plc/MoveXY_State_2_3/xy_speed_regulator/pasteable.rll')) tests/dune_winder/test_plc_ladder_parser.py::PlcLadderParserTests::test_parses_all_targeted_acceptance_routines
SUBFAILED(path=PosixPath('/Users/ben/dune-monorepo/dune_winder/plc/MoveZ_State_4_5/main/pasteable.rll')) tests/dune_winder/test_plc_ladder_parser.py::PlcLadderParserTests::test_parses_all_targeted_acceptance_routines
SUBFAILED(path=PosixPath('/Users/ben/dune-monorepo/dune_winder/plc/xz_move/main/pasteable.rll')) tests/dune_winder/test_plc_ladder_parser.py::PlcLadderParserTests::test_parses_all_targeted_acceptance_routines
SUBFAILED(path=PosixPath('/Users/ben/dune-monorepo/dune_winder/plc/Error_State_10/main/pasteable.rll')) tests/dune_winder/test_plc_ladder_parser.py::PlcLadderParserTests::test_parses_all_targeted_acceptance_routines
SUBFAILED(path=PosixPath('/Users/ben/dune-monorepo/dune_winder/plc/Initialize/main/pasteable.rll')) tests/dune_winder/test_plc_ladder_parser.py::PlcLadderParserTests::test_parses_all_targeted_acceptance_routines
SUBFAILED(path=PosixPath('/Users/ben/dune-monorepo/dune_winder/plc/motionQueue/main/pasteable.rll')) tests/dune_winder/test_plc_ladder_parser.py::PlcLadderParserTests::test_parses_all_targeted_acceptance_routines
SUBFAILED(path=PosixPath('/Users/ben/dune-monorepo/dune_winder/plc/motionQueue/ArcSweepRad/pasteable.rll')) tests/dune_winder/test_plc_ladder_parser.py::PlcLadderParserTests::test_round_trips_motion_queue_helpers_through_structured_python
SUBFAILED(path=PosixPath('/Users/ben/dune-monorepo/dune_winder/plc/motionQueue/CapSegSpeed/pasteable.rll')) tests/dune_winder/test_plc_ladder_parser.py::PlcLadderParserTests::test_round_trips_motion_queue_helpers_through_structured_python
SUBFAILED(path=PosixPath('/Users/ben/dune-monorepo/dune_winder/plc/motionQueue/CircleCenterForSeg/pasteable.rll')) tests/dune_winder/test_plc_ladder_parser.py::PlcLadderParserTests::test_round_trips_motion_queue_helpers_through_structured_python
SUBFAILED(path=PosixPath('/Users/ben/dune-monorepo/dune_winder/plc/motionQueue/MaxAbsCosSweep/pasteable.rll')) tests/dune_winder/test_plc_ladder_parser.py::PlcLadderParserTests::test_round_trips_motion_queue_helpers_through_structured_python
SUBFAILED(path=PosixPath('/Users/ben/dune-monorepo/dune_winder/plc/motionQueue/MaxAbsSinSweep/pasteable.rll')) tests/dune_winder/test_plc_ladder_parser.py::PlcLadderParserTests::test_round_trips_motion_queue_helpers_through_structured_python
SUBFAILED(path=PosixPath('/Users/ben/dune-monorepo/dune_winder/plc/motionQueue/SegTangentBounds/pasteable.rll')) tests/dune_winder/test_plc_ladder_parser.py::PlcLadderParserTests::test_round_trips_motion_queue_helpers_through_structured_python
FAILED tests/dune_winder/test_plc_ladder_parser.py::PlcLadderParserTests::test_round_trips_movez_main_routine
FAILED tests/dune_winder/test_plc_ladder_runtime.py::PlcLadderRuntimeTests::test_coordinate_motion_tracks_pending_status_scan_by_scan
FAILED tests/dune_winder/test_plc_ladder_runtime.py::PlcLadderRuntimeTests::test_ffl_and_ffu_update_queue_control_and_payload
FAILED tests/dune_winder/test_plc_ladder_runtime.py::PlcLadderRuntimeTests::test_generated_python_matches_ast_execution_for_movexy_main
FAILED tests/dune_winder/test_plc_ladder_runtime.py::PlcLadderRuntimeTests::test_generated_python_matches_ast_execution_for_movez_main
FAILED tests/dune_winder/test_plc_ladder_runtime.py::PlcLadderRuntimeTests::test_generated_python_matches_ast_for_coordinate_motion_scan_by_scan
FAILED tests/dune_winder/test_plc_ladder_runtime.py::PlcLadderRuntimeTests::test_generated_python_matches_ast_for_ffl_and_ffu
FAILED tests/dune_winder/test_plc_ladder_runtime.py::PlcLadderRuntimeTests::test_mccm_uses_arc_speed_and_accel_operands
FAILED tests/dune_winder/test_sync_monoroutine_tag_values.py::SyncMonoroutineTagValuesTests::test_monoroutine_source_resolution_is_unambiguous_for_current_export
FAILED tests/dune_winder/test_v_template_gcode.py::VTemplateGCodeTests::test_default_render_matches_expected_spec_edges
FAILED tests/dune_winder/test_vscode_rll_syntax.py::VSCodeRllSyntaxTests::test_grammar_covers_all_supported_parser_opcodes
FAILED tests/dune_winder/test_wrap_seek.py::WrapSeekTests::test_get_wrap_seek_line_prefers_latest_prior_head_restart_marker
FAILED tests/dune_winder/test_wrap_seek.py::WrapSeekTests::test_get_wrap_seek_line_returns_none_when_wrap_start_marker_is_missing
FAILED tests/dune_winder/test_wrap_seek.py::WrapSeekTests::test_get_wrap_seek_line_starts_first_wrap_at_beginning_even_with_restart_marker
FAILED tests/dune_winder/test_wrap_seek.py::WrapSeekTests::test_get_wrap_seek_line_uses_latest_prior_head_restart_before_wrap_start
============= 73 failed, 528 passed, 68 subtests passed in 32.16s ==============
